<?xml version="1.0" encoding="UTF-8"?>
<robot generator="Robot 3.2.2 (Python 3.9.0 on win32)" generated="20210312 10:56:48.140" rpa="false">
<suite id="s1" name="Opd-Random" source="C:\Users\Mor.com\Downloads\OPD\robot\opd-random.robot">
<test id="s1-t1" name="1. เปิด Browser เพื่อเข้าหน้าจอ REG">
<kw name="เปิด Browser เพื่อเข้าหน้าจอ REG" library="reg">
<kw name="Open Browser" library="Selenium2Library">
<doc>Opens a new browser instance to the optional ``url``.</doc>
<arguments>
<arg>http://${SERVER}/users/login/?next=/&amp;comname=${COMNAME_REG}</arg>
<arg>${Browser}</arg>
</arguments>
<msg timestamp="20210312 10:56:48.654" level="INFO">Opening browser 'chrome' to base url 'http://192.168.56.101/users/login/?next=/&amp;comname=reg'.</msg>
<status status="PASS" starttime="20210312 10:56:48.653" endtime="20210312 10:56:53.672"></status>
</kw>
<kw name="Maximize Browser Window" library="Selenium2Library">
<doc>Maximizes current browser window.</doc>
<status status="PASS" starttime="20210312 10:56:53.673" endtime="20210312 10:56:53.814"></status>
</kw>
<kw name="ความเร็วในการกด" library="keywords">
<kw name="Set Selenium Speed" library="Selenium2Library">
<doc>Sets the delay that is waited after each Selenium command.</doc>
<arguments>
<arg>0.5</arg>
</arguments>
<status status="PASS" starttime="20210312 10:56:53.815" endtime="20210312 10:56:53.816"></status>
</kw>
<status status="PASS" starttime="20210312 10:56:53.814" endtime="20210312 10:56:53.816"></status>
</kw>
<status status="PASS" starttime="20210312 10:56:48.653" endtime="20210312 10:56:53.816"></status>
</kw>
<status status="PASS" starttime="20210312 10:56:48.651" endtime="20210312 10:56:53.817" critical="yes"></status>
</test>
<test id="s1-t2" name="2. Form Login REG">
<kw name="Form Login REG" library="reg">
<kw name="Input Text" library="Selenium2Library">
<doc>Types the given ``text`` into the text field identified by ``locator``.</doc>
<arguments>
<arg>css:[placeholder="Username"]</arg>
<arg>${USERNAME_REG}</arg>
</arguments>
<msg timestamp="20210312 10:56:53.833" level="INFO">Typing text 'reg' into text field 'css:[placeholder="Username"]'.</msg>
<status status="PASS" starttime="20210312 10:56:53.833" endtime="20210312 10:56:55.444"></status>
</kw>
<kw name="Input Password" library="Selenium2Library">
<doc>Types the given password into the text field identified by ``locator``.</doc>
<arguments>
<arg>css:[placeholder="Password"]</arg>
<arg>${PASSWORD_REG}</arg>
</arguments>
<msg timestamp="20210312 10:56:55.445" level="INFO">Typing password into text field 'css:[placeholder="Password"]'.</msg>
<msg timestamp="20210312 10:56:56.529" level="INFO">Temporally setting log level to: NONE</msg>
<msg timestamp="20210312 10:56:57.086" level="INFO">Log level changed from NONE to INFO.</msg>
<status status="PASS" starttime="20210312 10:56:55.444" endtime="20210312 10:56:57.086"></status>
</kw>
<kw name="Click Button" library="Selenium2Library">
<doc>Clicks the button identified by ``locator``.</doc>
<arguments>
<arg>Login</arg>
</arguments>
<msg timestamp="20210312 10:56:57.087" level="INFO">Clicking button 'Login'.</msg>
<status status="PASS" starttime="20210312 10:56:57.086" endtime="20210312 10:57:00.358"></status>
</kw>
<status status="PASS" starttime="20210312 10:56:53.832" endtime="20210312 10:57:00.358"></status>
</kw>
<status status="PASS" starttime="20210312 10:56:53.819" endtime="20210312 10:57:00.359" critical="yes"></status>
</test>
<test id="s1-t3" name="3. REG Enter Page">
<kw name="REG Enter Page" library="reg">
<kw name="Wait Until Element Is Visible" library="Selenium2Library">
<doc>Waits until the element ``locator`` is visible.</doc>
<arguments>
<arg>css:body &gt; div.ui.container.fluid &gt; div.ui.grid &gt; div.ui.column.cards.link &gt; div.ui.card.red &gt; div.ui.extra.content &gt; button</arg>
<arg>timeout=20</arg>
</arguments>
<status status="PASS" starttime="20210312 10:57:00.362" endtime="20210312 10:57:01.615"></status>
</kw>
<kw name="Click Button" library="Selenium2Library">
<doc>Clicks the button identified by ``locator``.</doc>
<arguments>
<arg>css:body &gt; div.ui.container.fluid &gt; div.ui.grid &gt; div.ui.column.cards.link &gt; div.ui.card.red &gt; div.ui.extra.content &gt; button</arg>
</arguments>
<msg timestamp="20210312 10:57:01.615" level="INFO">Clicking button 'css:body &gt; div.ui.container.fluid &gt; div.ui.grid &gt; div.ui.column.cards.link &gt; div.ui.card.red &gt; div.ui.extra.content &gt; button'.</msg>
<status status="PASS" starttime="20210312 10:57:01.615" endtime="20210312 10:57:06.886"></status>
</kw>
<status status="PASS" starttime="20210312 10:57:00.361" endtime="20210312 10:57:06.886"></status>
</kw>
<status status="PASS" starttime="20210312 10:57:00.360" endtime="20210312 10:57:06.887" critical="yes"></status>
</test>
<test id="s1-t4" name="4. คลิ๊กปุ่มค้นหาผู้ป่วย ในช่อง HN">
<kw name="คลิ๊กปุ่มค้นหาผู้ป่วย ในช่อง HN" library="reg">
<kw name="Wait Until Element Is Visible" library="Selenium2Library">
<doc>Waits until the element ``locator`` is visible.</doc>
<arguments>
<arg>css:body &gt; div.ui.container.fluid &gt; div.ui.layout-vertical &gt; div.ui.layout-horizontal &gt; div.ui.middle &gt; div &gt; div:nth-child(3) &gt; div &gt; div:nth-child(1) &gt; div &gt; div:nth-child(1) &gt; div.ui.column.thirteen.wide &gt; div &gt; div &gt; div:nth-child(1) &gt; div.field.six.wide &gt; div &gt; button &gt; i</arg>
<arg>timeout=20</arg>
</arguments>
<status status="PASS" starttime="20210312 10:57:06.891" endtime="20210312 10:57:08.566"></status>
</kw>
<kw name="Click Element" library="Selenium2Library">
<doc>Click the element identified by ``locator``.</doc>
<arguments>
<arg>css:body &gt; div.ui.container.fluid &gt; div.ui.layout-vertical &gt; div.ui.layout-horizontal &gt; div.ui.middle &gt; div &gt; div:nth-child(3) &gt; div &gt; div:nth-child(1) &gt; div &gt; div:nth-child(1) &gt; div.ui.column.thirteen.wide &gt; div &gt; div &gt; div:nth-child(1) &gt; div.field.six.wide &gt; div &gt; button &gt; i</arg>
</arguments>
<msg timestamp="20210312 10:57:08.566" level="INFO">Clicking element 'css:body &gt; div.ui.container.fluid &gt; div.ui.layout-vertical &gt; div.ui.layout-horizontal &gt; div.ui.middle &gt; div &gt; div:nth-child(3) &gt; div &gt; div:nth-child(1) &gt; div &gt; div:nth-child(1) &gt; div.ui.column.thirteen.wide &gt; div &gt; div &gt; div:nth-child(1) &gt; div.field.six.wide &gt; div &gt; button &gt; i'.</msg>
<status status="PASS" starttime="20210312 10:57:08.566" endtime="20210312 10:57:09.876"></status>
</kw>
<status status="PASS" starttime="20210312 10:57:06.890" endtime="20210312 10:57:09.876"></status>
</kw>
<status status="PASS" starttime="20210312 10:57:06.888" endtime="20210312 10:57:09.877" critical="yes"></status>
</test>
<test id="s1-t5" name="5. คลิ๊กปุ่มค้นหาผู้ป่วย">
<kw name="คลิ๊กปุ่มค้นหาผู้ป่วย" library="reg">
<kw name="Wait Until Element Is Visible" library="Selenium2Library">
<doc>Waits until the element ``locator`` is visible.</doc>
<arguments>
<arg>css:body &gt; div.dimmable.scrolling.dimmed &gt; div &gt; div &gt; div &gt; div.content.active &gt; div.ui.grid &gt; div:nth-child(1) &gt; div &gt; div &gt; div:nth-child(2) &gt; div:nth-child(5) &gt; button</arg>
<arg>timeout=20</arg>
</arguments>
<status status="PASS" starttime="20210312 10:57:09.882" endtime="20210312 10:57:11.326"></status>
</kw>
<kw name="Click Button" library="Selenium2Library">
<doc>Clicks the button identified by ``locator``.</doc>
<arguments>
<arg>css:body &gt; div.dimmable.scrolling.dimmed &gt; div &gt; div &gt; div &gt; div.content.active &gt; div.ui.grid &gt; div:nth-child(1) &gt; div &gt; div &gt; div:nth-child(2) &gt; div:nth-child(5) &gt; button</arg>
</arguments>
<msg timestamp="20210312 10:57:11.326" level="INFO">Clicking button 'css:body &gt; div.dimmable.scrolling.dimmed &gt; div &gt; div &gt; div &gt; div.content.active &gt; div.ui.grid &gt; div:nth-child(1) &gt; div &gt; div &gt; div:nth-child(2) &gt; div:nth-child(5) &gt; button'.</msg>
<status status="PASS" starttime="20210312 10:57:11.326" endtime="20210312 10:57:13.936"></status>
</kw>
<status status="PASS" starttime="20210312 10:57:09.882" endtime="20210312 10:57:13.936"></status>
</kw>
<status status="PASS" starttime="20210312 10:57:09.880" endtime="20210312 10:57:13.937" critical="yes"></status>
</test>
<test id="s1-t6" name="6. เลือกผู้ป่วย Random HN">
<kw name="เลือกผู้ป่วย Random HN" library="keywords">
<kw name="รอ 30 วิ" library="keywords">
<kw name="Sleep" library="BuiltIn">
<doc>Pauses the test executed for the given time.</doc>
<arguments>
<arg>30s</arg>
</arguments>
<msg timestamp="20210312 10:57:43.947" level="INFO">Slept 30 seconds</msg>
<status status="PASS" starttime="20210312 10:57:13.942" endtime="20210312 10:57:43.947"></status>
</kw>
<status status="PASS" starttime="20210312 10:57:13.941" endtime="20210312 10:57:43.947"></status>
</kw>
<kw name="Evaluate" library="BuiltIn">
<doc>Evaluates the given expression in Python and returns the result.</doc>
<arguments>
<arg>random.randrange(1,13)</arg>
<arg>random</arg>
</arguments>
<assign>
<var>${random_numbers}</var>
</assign>
<msg timestamp="20210312 10:57:43.948" level="INFO">${random_numbers} = 4</msg>
<status status="PASS" starttime="20210312 10:57:43.947" endtime="20210312 10:57:43.948"></status>
</kw>
<kw name="Set Global Variable" library="BuiltIn">
<doc>Makes a variable available globally in all tests and suites.</doc>
<arguments>
<arg>${random_numbers}</arg>
</arguments>
<msg timestamp="20210312 10:57:43.948" level="INFO">${random_numbers} = 4</msg>
<status status="PASS" starttime="20210312 10:57:43.948" endtime="20210312 10:57:43.949"></status>
</kw>
<kw name="Log To Console" library="BuiltIn">
<doc>Logs the given message to the console.</doc>
<arguments>
<arg>\n\nค่าตัวเลขที่สุ่ม ${random_numbers}</arg>
</arguments>
<status status="PASS" starttime="20210312 10:57:43.949" endtime="20210312 10:57:43.949"></status>
</kw>
<kw name="Log To Console" library="BuiltIn">
<doc>Logs the given message to the console.</doc>
<arguments>
<arg>\nค่า y ก่อนสุ่ม ${def_y}</arg>
</arguments>
<status status="PASS" starttime="20210312 10:57:43.949" endtime="20210312 10:57:43.949"></status>
</kw>
<kw name="Evaluate" library="BuiltIn">
<doc>Evaluates the given expression in Python and returns the result.</doc>
<arguments>
<arg>${def_y} + ${y_number} * ${random_numbers}</arg>
</arguments>
<assign>
<var>${def_y}</var>
</assign>
<msg timestamp="20210312 10:57:43.950" level="INFO">${def_y} = 461</msg>
<status status="PASS" starttime="20210312 10:57:43.950" endtime="20210312 10:57:43.950"></status>
</kw>
<kw name="Log To Console" library="BuiltIn">
<doc>Logs the given message to the console.</doc>
<arguments>
<arg>\nค่า y หลังจากสุ่ม ${def_y}</arg>
</arguments>
<status status="PASS" starttime="20210312 10:57:43.950" endtime="20210312 10:57:43.951"></status>
</kw>
<kw name="Set Global Variable" library="BuiltIn">
<doc>Makes a variable available globally in all tests and suites.</doc>
<arguments>
<arg>${def_y}</arg>
</arguments>
<msg timestamp="20210312 10:57:43.951" level="INFO">${def_y} = 461</msg>
<status status="PASS" starttime="20210312 10:57:43.951" endtime="20210312 10:57:43.951"></status>
</kw>
<kw name="Position" library="pyautogui">
<doc>Returns the current xy coordinates of the mouse cursor as a two-integer tuple.</doc>
<arguments>
<arg>${def_x}</arg>
<arg>${def_y}</arg>
</arguments>
<assign>
<var>${position}</var>
</assign>
<msg timestamp="20210312 10:57:43.952" level="INFO">${position} = Point(x=676, y=461)</msg>
<status status="PASS" starttime="20210312 10:57:43.952" endtime="20210312 10:57:43.952"></status>
</kw>
<kw name="Log To Console" library="BuiltIn">
<doc>Logs the given message to the console.</doc>
<arguments>
<arg>\nClick x,y ${position}</arg>
</arguments>
<status status="PASS" starttime="20210312 10:57:43.952" endtime="20210312 10:57:43.953"></status>
</kw>
<kw name="Move To" library="pyautogui">
<doc>Moves the mouse cursor to a point on the screen.</doc>
<arguments>
<arg>${position}</arg>
</arguments>
<status status="PASS" starttime="20210312 10:57:43.953" endtime="20210312 10:57:44.055"></status>
</kw>
<kw name="Click" library="pyautogui">
<doc>Performs pressing a mouse button down and then immediately releasing it. Returns ``None``.</doc>
<arguments>
<arg>${position}</arg>
</arguments>
<status status="PASS" starttime="20210312 10:57:44.055" endtime="20210312 10:57:44.166"></status>
</kw>
<kw name="Evaluate" library="BuiltIn">
<doc>Evaluates the given expression in Python and returns the result.</doc>
<arguments>
<arg>random.randint(150,500)</arg>
<arg>random</arg>
</arguments>
<assign>
<var>${scroll_hn}</var>
</assign>
<msg timestamp="20210312 10:57:44.166" level="INFO">${scroll_hn} = 459</msg>
<status status="PASS" starttime="20210312 10:57:44.166" endtime="20210312 10:57:44.167"></status>
</kw>
<kw name="Set Global Variable" library="BuiltIn">
<doc>Makes a variable available globally in all tests and suites.</doc>
<arguments>
<arg>${scroll_hn}</arg>
</arguments>
<msg timestamp="20210312 10:57:44.167" level="INFO">${scroll_hn} = 459</msg>
<status status="PASS" starttime="20210312 10:57:44.167" endtime="20210312 10:57:44.167"></status>
</kw>
<kw name="Position" library="pyautogui">
<doc>Returns the current xy coordinates of the mouse cursor as a two-integer tuple.</doc>
<arguments>
<arg>${scroll_x}</arg>
<arg>${scroll_y}</arg>
</arguments>
<assign>
<var>${position_scroll}</var>
</assign>
<msg timestamp="20210312 10:57:44.168" level="INFO">${position_scroll} = Point(x=1227, y=723)</msg>
<status status="PASS" starttime="20210312 10:57:44.167" endtime="20210312 10:57:44.168"></status>
</kw>
<kw name="${index} IN RANGE [ ${scroll_hn} ]" type="for">
<kw name="${index} = 0" type="foritem">
<kw name="Click" library="pyautogui">
<doc>Performs pressing a mouse button down and then immediately releasing it. Returns ``None``.</doc>
<arguments>
<arg>${position_scroll}</arg>
</arguments>
<status status="PASS" starttime="20210312 10:57:44.168" endtime="20210312 10:57:44.291"></status>
</kw>
<kw name="Continue For Loop" library="BuiltIn">
<doc>Skips the current for loop iteration and continues from the next.</doc>
<msg timestamp="20210312 10:57:44.291" level="INFO">Continuing for loop from the next iteration.</msg>
<status status="PASS" starttime="20210312 10:57:44.291" endtime="20210312 10:57:44.291"></status>
</kw>
<status status="PASS" starttime="20210312 10:57:44.168" endtime="20210312 10:57:44.291"></status>
</kw>
<kw name="${index} = 1" type="foritem">
<kw name="Click" library="pyautogui">
<doc>Performs pressing a mouse button down and then immediately releasing it. Returns ``None``.</doc>
<arguments>
<arg>${position_scroll}</arg>
</arguments>
<status status="PASS" starttime="20210312 10:57:44.292" endtime="20210312 10:57:44.399"></status>
</kw>
<kw name="Continue For Loop" library="BuiltIn">
<doc>Skips the current for loop iteration and continues from the next.</doc>
<msg timestamp="20210312 10:57:44.400" level="INFO">Continuing for loop from the next iteration.</msg>
<status status="PASS" starttime="20210312 10:57:44.399" endtime="20210312 10:57:44.400"></status>
</kw>
<status status="PASS" starttime="20210312 10:57:44.292" endtime="20210312 10:57:44.400"></status>
</kw>
<kw name="${index} = 2" type="foritem">
<kw name="Click" library="pyautogui">
<doc>Performs pressing a mouse button down and then immediately releasing it. Returns ``None``.</doc>
<arguments>
<arg>${position_scroll}</arg>
</arguments>
<status status="PASS" starttime="20210312 10:57:44.400" endtime="20210312 10:57:44.511"></status>
</kw>
<kw name="Continue For Loop" library="BuiltIn">
<doc>Skips the current for loop iteration and continues from the next.</doc>
<msg timestamp="20210312 10:57:44.512" level="INFO">Continuing for loop from the next iteration.</msg>
<status status="PASS" starttime="20210312 10:57:44.511" endtime="20210312 10:57:44.512"></status>
</kw>
<status status="PASS" starttime="20210312 10:57:44.400" endtime="20210312 10:57:44.512"></status>
</kw>
<kw name="${index} = 3" type="foritem">
<kw name="Click" library="pyautogui">
<doc>Performs pressing a mouse button down and then immediately releasing it. Returns ``None``.</doc>
<arguments>
<arg>${position_scroll}</arg>
</arguments>
<status status="PASS" starttime="20210312 10:57:44.513" endtime="20210312 10:57:44.619"></status>
</kw>
<kw name="Continue For Loop" library="BuiltIn">
<doc>Skips the current for loop iteration and continues from the next.</doc>
<msg timestamp="20210312 10:57:44.619" level="INFO">Continuing for loop from the next iteration.</msg>
<status status="PASS" starttime="20210312 10:57:44.619" endtime="20210312 10:57:44.619"></status>
</kw>
<status status="PASS" starttime="20210312 10:57:44.513" endtime="20210312 10:57:44.619"></status>
</kw>
<kw name="${index} = 4" type="foritem">
<kw name="Click" library="pyautogui">
<doc>Performs pressing a mouse button down and then immediately releasing it. Returns ``None``.</doc>
<arguments>
<arg>${position_scroll}</arg>
</arguments>
<status status="PASS" starttime="20210312 10:57:44.620" endtime="20210312 10:57:44.729"></status>
</kw>
<kw name="Continue For Loop" library="BuiltIn">
<doc>Skips the current for loop iteration and continues from the next.</doc>
<msg timestamp="20210312 10:57:44.729" level="INFO">Continuing for loop from the next iteration.</msg>
<status status="PASS" starttime="20210312 10:57:44.729" endtime="20210312 10:57:44.729"></status>
</kw>
<status status="PASS" starttime="20210312 10:57:44.620" endtime="20210312 10:57:44.729"></status>
</kw>
<kw name="${index} = 5" type="foritem">
<kw name="Click" library="pyautogui">
<doc>Performs pressing a mouse button down and then immediately releasing it. Returns ``None``.</doc>
<arguments>
<arg>${position_scroll}</arg>
</arguments>
<status status="PASS" starttime="20210312 10:57:44.730" endtime="20210312 10:57:44.838"></status>
</kw>
<kw name="Continue For Loop" library="BuiltIn">
<doc>Skips the current for loop iteration and continues from the next.</doc>
<msg timestamp="20210312 10:57:44.838" level="INFO">Continuing for loop from the next iteration.</msg>
<status status="PASS" starttime="20210312 10:57:44.838" endtime="20210312 10:57:44.839"></status>
</kw>
<status status="PASS" starttime="20210312 10:57:44.730" endtime="20210312 10:57:44.839"></status>
</kw>
<kw name="${index} = 6" type="foritem">
<kw name="Click" library="pyautogui">
<doc>Performs pressing a mouse button down and then immediately releasing it. Returns ``None``.</doc>
<arguments>
<arg>${position_scroll}</arg>
</arguments>
<status status="PASS" starttime="20210312 10:57:44.839" endtime="20210312 10:57:44.947"></status>
</kw>
<kw name="Continue For Loop" library="BuiltIn">
<doc>Skips the current for loop iteration and continues from the next.</doc>
<msg timestamp="20210312 10:57:44.947" level="INFO">Continuing for loop from the next iteration.</msg>
<status status="PASS" starttime="20210312 10:57:44.947" endtime="20210312 10:57:44.947"></status>
</kw>
<status status="PASS" starttime="20210312 10:57:44.839" endtime="20210312 10:57:44.947"></status>
</kw>
<kw name="${index} = 7" type="foritem">
<kw name="Click" library="pyautogui">
<doc>Performs pressing a mouse button down and then immediately releasing it. Returns ``None``.</doc>
<arguments>
<arg>${position_scroll}</arg>
</arguments>
<status status="PASS" starttime="20210312 10:57:44.948" endtime="20210312 10:57:45.058"></status>
</kw>
<kw name="Continue For Loop" library="BuiltIn">
<doc>Skips the current for loop iteration and continues from the next.</doc>
<msg timestamp="20210312 10:57:45.058" level="INFO">Continuing for loop from the next iteration.</msg>
<status status="PASS" starttime="20210312 10:57:45.058" endtime="20210312 10:57:45.059"></status>
</kw>
<status status="PASS" starttime="20210312 10:57:44.948" endtime="20210312 10:57:45.059"></status>
</kw>
<kw name="${index} = 8" type="foritem">
<kw name="Click" library="pyautogui">
<doc>Performs pressing a mouse button down and then immediately releasing it. Returns ``None``.</doc>
<arguments>
<arg>${position_scroll}</arg>
</arguments>
<status status="PASS" starttime="20210312 10:57:45.059" endtime="20210312 10:57:45.165"></status>
</kw>
<kw name="Continue For Loop" library="BuiltIn">
<doc>Skips the current for loop iteration and continues from the next.</doc>
<msg timestamp="20210312 10:57:45.165" level="INFO">Continuing for loop from the next iteration.</msg>
<status status="PASS" starttime="20210312 10:57:45.165" endtime="20210312 10:57:45.165"></status>
</kw>
<status status="PASS" starttime="20210312 10:57:45.059" endtime="20210312 10:57:45.166"></status>
</kw>
<kw name="${index} = 9" type="foritem">
<kw name="Click" library="pyautogui">
<doc>Performs pressing a mouse button down and then immediately releasing it. Returns ``None``.</doc>
<arguments>
<arg>${position_scroll}</arg>
</arguments>
<status status="PASS" starttime="20210312 10:57:45.166" endtime="20210312 10:57:45.276"></status>
</kw>
<kw name="Continue For Loop" library="BuiltIn">
<doc>Skips the current for loop iteration and continues from the next.</doc>
<msg timestamp="20210312 10:57:45.276" level="INFO">Continuing for loop from the next iteration.</msg>
<status status="PASS" starttime="20210312 10:57:45.276" endtime="20210312 10:57:45.276"></status>
</kw>
<status status="PASS" starttime="20210312 10:57:45.166" endtime="20210312 10:57:45.276"></status>
</kw>
<kw name="${index} = 10" type="foritem">
<kw name="Click" library="pyautogui">
<doc>Performs pressing a mouse button down and then immediately releasing it. Returns ``None``.</doc>
<arguments>
<arg>${position_scroll}</arg>
</arguments>
<status status="PASS" starttime="20210312 10:57:45.277" endtime="20210312 10:57:45.383"></status>
</kw>
<kw name="Continue For Loop" library="BuiltIn">
<doc>Skips the current for loop iteration and continues from the next.</doc>
<msg timestamp="20210312 10:57:45.383" level="INFO">Continuing for loop from the next iteration.</msg>
<status status="PASS" starttime="20210312 10:57:45.383" endtime="20210312 10:57:45.383"></status>
</kw>
<status status="PASS" starttime="20210312 10:57:45.277" endtime="20210312 10:57:45.384"></status>
</kw>
<kw name="${index} = 11" type="foritem">
<kw name="Click" library="pyautogui">
<doc>Performs pressing a mouse button down and then immediately releasing it. Returns ``None``.</doc>
<arguments>
<arg>${position_scroll}</arg>
</arguments>
<status status="PASS" starttime="20210312 10:57:45.384" endtime="20210312 10:57:45.491"></status>
</kw>
<kw name="Continue For Loop" library="BuiltIn">
<doc>Skips the current for loop iteration and continues from the next.</doc>
<msg timestamp="20210312 10:57:45.491" level="INFO">Continuing for loop from the next iteration.</msg>
<status status="PASS" starttime="20210312 10:57:45.491" endtime="20210312 10:57:45.491"></status>
</kw>
<status status="PASS" starttime="20210312 10:57:45.384" endtime="20210312 10:57:45.491"></status>
</kw>
<kw name="${index} = 12" type="foritem">
<kw name="Click" library="pyautogui">
<doc>Performs pressing a mouse button down and then immediately releasing it. Returns ``None``.</doc>
<arguments>
<arg>${position_scroll}</arg>
</arguments>
<status status="PASS" starttime="20210312 10:57:45.492" endtime="20210312 10:57:45.603"></status>
</kw>
<kw name="Continue For Loop" library="BuiltIn">
<doc>Skips the current for loop iteration and continues from the next.</doc>
<msg timestamp="20210312 10:57:45.603" level="INFO">Continuing for loop from the next iteration.</msg>
<status status="PASS" starttime="20210312 10:57:45.603" endtime="20210312 10:57:45.603"></status>
</kw>
<status status="PASS" starttime="20210312 10:57:45.492" endtime="20210312 10:57:45.603"></status>
</kw>
<kw name="${index} = 13" type="foritem">
<kw name="Click" library="pyautogui">
<doc>Performs pressing a mouse button down and then immediately releasing it. Returns ``None``.</doc>
<arguments>
<arg>${position_scroll}</arg>
</arguments>
<status status="PASS" starttime="20210312 10:57:45.604" endtime="20210312 10:57:45.711"></status>
</kw>
<kw name="Continue For Loop" library="BuiltIn">
<doc>Skips the current for loop iteration and continues from the next.</doc>
<msg timestamp="20210312 10:57:45.711" level="INFO">Continuing for loop from the next iteration.</msg>
<status status="PASS" starttime="20210312 10:57:45.711" endtime="20210312 10:57:45.711"></status>
</kw>
<status status="PASS" starttime="20210312 10:57:45.603" endtime="20210312 10:57:45.711"></status>
</kw>
<kw name="${index} = 14" type="foritem">
<kw name="Click" library="pyautogui">
<doc>Performs pressing a mouse button down and then immediately releasing it. Returns ``None``.</doc>
<arguments>
<arg>${position_scroll}</arg>
</arguments>
<status status="PASS" starttime="20210312 10:57:45.712" endtime="20210312 10:57:45.820"></status>
</kw>
<kw name="Continue For Loop" library="BuiltIn">
<doc>Skips the current for loop iteration and continues from the next.</doc>
<msg timestamp="20210312 10:57:45.820" level="INFO">Continuing for loop from the next iteration.</msg>
<status status="PASS" starttime="20210312 10:57:45.820" endtime="20210312 10:57:45.820"></status>
</kw>
<status status="PASS" starttime="20210312 10:57:45.712" endtime="20210312 10:57:45.820"></status>
</kw>
<kw name="${index} = 15" type="foritem">
<kw name="Click" library="pyautogui">
<doc>Performs pressing a mouse button down and then immediately releasing it. Returns ``None``.</doc>
<arguments>
<arg>${position_scroll}</arg>
</arguments>
<status status="PASS" starttime="20210312 10:57:45.821" endtime="20210312 10:57:45.929"></status>
</kw>
<kw name="Continue For Loop" library="BuiltIn">
<doc>Skips the current for loop iteration and continues from the next.</doc>
<msg timestamp="20210312 10:57:45.929" level="INFO">Continuing for loop from the next iteration.</msg>
<status status="PASS" starttime="20210312 10:57:45.929" endtime="20210312 10:57:45.929"></status>
</kw>
<status status="PASS" starttime="20210312 10:57:45.821" endtime="20210312 10:57:45.929"></status>
</kw>
<kw name="${index} = 16" type="foritem">
<kw name="Click" library="pyautogui">
<doc>Performs pressing a mouse button down and then immediately releasing it. Returns ``None``.</doc>
<arguments>
<arg>${position_scroll}</arg>
</arguments>
<status status="PASS" starttime="20210312 10:57:45.930" endtime="20210312 10:57:46.039"></status>
</kw>
<kw name="Continue For Loop" library="BuiltIn">
<doc>Skips the current for loop iteration and continues from the next.</doc>
<msg timestamp="20210312 10:57:46.039" level="INFO">Continuing for loop from the next iteration.</msg>
<status status="PASS" starttime="20210312 10:57:46.039" endtime="20210312 10:57:46.039"></status>
</kw>
<status status="PASS" starttime="20210312 10:57:45.930" endtime="20210312 10:57:46.039"></status>
</kw>
<kw name="${index} = 17" type="foritem">
<kw name="Click" library="pyautogui">
<doc>Performs pressing a mouse button down and then immediately releasing it. Returns ``None``.</doc>
<arguments>
<arg>${position_scroll}</arg>
</arguments>
<status status="PASS" starttime="20210312 10:57:46.040" endtime="20210312 10:57:46.147"></status>
</kw>
<kw name="Continue For Loop" library="BuiltIn">
<doc>Skips the current for loop iteration and continues from the next.</doc>
<msg timestamp="20210312 10:57:46.147" level="INFO">Continuing for loop from the next iteration.</msg>
<status status="PASS" starttime="20210312 10:57:46.147" endtime="20210312 10:57:46.147"></status>
</kw>
<status status="PASS" starttime="20210312 10:57:46.039" endtime="20210312 10:57:46.147"></status>
</kw>
<kw name="${index} = 18" type="foritem">
<kw name="Click" library="pyautogui">
<doc>Performs pressing a mouse button down and then immediately releasing it. Returns ``None``.</doc>
<arguments>
<arg>${position_scroll}</arg>
</arguments>
<status status="PASS" starttime="20210312 10:57:46.148" endtime="20210312 10:57:46.258"></status>
</kw>
<kw name="Continue For Loop" library="BuiltIn">
<doc>Skips the current for loop iteration and continues from the next.</doc>
<msg timestamp="20210312 10:57:46.258" level="INFO">Continuing for loop from the next iteration.</msg>
<status status="PASS" starttime="20210312 10:57:46.258" endtime="20210312 10:57:46.258"></status>
</kw>
<status status="PASS" starttime="20210312 10:57:46.148" endtime="20210312 10:57:46.258"></status>
</kw>
<kw name="${index} = 19" type="foritem">
<kw name="Click" library="pyautogui">
<doc>Performs pressing a mouse button down and then immediately releasing it. Returns ``None``.</doc>
<arguments>
<arg>${position_scroll}</arg>
</arguments>
<status status="PASS" starttime="20210312 10:57:46.259" endtime="20210312 10:57:46.366"></status>
</kw>
<kw name="Continue For Loop" library="BuiltIn">
<doc>Skips the current for loop iteration and continues from the next.</doc>
<msg timestamp="20210312 10:57:46.366" level="INFO">Continuing for loop from the next iteration.</msg>
<status status="PASS" starttime="20210312 10:57:46.366" endtime="20210312 10:57:46.366"></status>
</kw>
<status status="PASS" starttime="20210312 10:57:46.258" endtime="20210312 10:57:46.366"></status>
</kw>
<kw name="${index} = 20" type="foritem">
<kw name="Click" library="pyautogui">
<doc>Performs pressing a mouse button down and then immediately releasing it. Returns ``None``.</doc>
<arguments>
<arg>${position_scroll}</arg>
</arguments>
<status status="PASS" starttime="20210312 10:57:46.367" endtime="20210312 10:57:46.475"></status>
</kw>
<kw name="Continue For Loop" library="BuiltIn">
<doc>Skips the current for loop iteration and continues from the next.</doc>
<msg timestamp="20210312 10:57:46.475" level="INFO">Continuing for loop from the next iteration.</msg>
<status status="PASS" starttime="20210312 10:57:46.475" endtime="20210312 10:57:46.475"></status>
</kw>
<status status="PASS" starttime="20210312 10:57:46.367" endtime="20210312 10:57:46.475"></status>
</kw>
<kw name="${index} = 21" type="foritem">
<kw name="Click" library="pyautogui">
<doc>Performs pressing a mouse button down and then immediately releasing it. Returns ``None``.</doc>
<arguments>
<arg>${position_scroll}</arg>
</arguments>
<status status="PASS" starttime="20210312 10:57:46.476" endtime="20210312 10:57:46.585"></status>
</kw>
<kw name="Continue For Loop" library="BuiltIn">
<doc>Skips the current for loop iteration and continues from the next.</doc>
<msg timestamp="20210312 10:57:46.585" level="INFO">Continuing for loop from the next iteration.</msg>
<status status="PASS" starttime="20210312 10:57:46.585" endtime="20210312 10:57:46.585"></status>
</kw>
<status status="PASS" starttime="20210312 10:57:46.475" endtime="20210312 10:57:46.585"></status>
</kw>
<kw name="${index} = 22" type="foritem">
<kw name="Click" library="pyautogui">
<doc>Performs pressing a mouse button down and then immediately releasing it. Returns ``None``.</doc>
<arguments>
<arg>${position_scroll}</arg>
</arguments>
<status status="PASS" starttime="20210312 10:57:46.586" endtime="20210312 10:57:46.694"></status>
</kw>
<kw name="Continue For Loop" library="BuiltIn">
<doc>Skips the current for loop iteration and continues from the next.</doc>
<msg timestamp="20210312 10:57:46.694" level="INFO">Continuing for loop from the next iteration.</msg>
<status status="PASS" starttime="20210312 10:57:46.694" endtime="20210312 10:57:46.695"></status>
</kw>
<status status="PASS" starttime="20210312 10:57:46.586" endtime="20210312 10:57:46.695"></status>
</kw>
<kw name="${index} = 23" type="foritem">
<kw name="Click" library="pyautogui">
<doc>Performs pressing a mouse button down and then immediately releasing it. Returns ``None``.</doc>
<arguments>
<arg>${position_scroll}</arg>
</arguments>
<status status="PASS" starttime="20210312 10:57:46.695" endtime="20210312 10:57:46.803"></status>
</kw>
<kw name="Continue For Loop" library="BuiltIn">
<doc>Skips the current for loop iteration and continues from the next.</doc>
<msg timestamp="20210312 10:57:46.803" level="INFO">Continuing for loop from the next iteration.</msg>
<status status="PASS" starttime="20210312 10:57:46.803" endtime="20210312 10:57:46.803"></status>
</kw>
<status status="PASS" starttime="20210312 10:57:46.695" endtime="20210312 10:57:46.803"></status>
</kw>
<kw name="${index} = 24" type="foritem">
<kw name="Click" library="pyautogui">
<doc>Performs pressing a mouse button down and then immediately releasing it. Returns ``None``.</doc>
<arguments>
<arg>${position_scroll}</arg>
</arguments>
<status status="PASS" starttime="20210312 10:57:46.804" endtime="20210312 10:57:46.913"></status>
</kw>
<kw name="Continue For Loop" library="BuiltIn">
<doc>Skips the current for loop iteration and continues from the next.</doc>
<msg timestamp="20210312 10:57:46.913" level="INFO">Continuing for loop from the next iteration.</msg>
<status status="PASS" starttime="20210312 10:57:46.913" endtime="20210312 10:57:46.913"></status>
</kw>
<status status="PASS" starttime="20210312 10:57:46.804" endtime="20210312 10:57:46.913"></status>
</kw>
<kw name="${index} = 25" type="foritem">
<kw name="Click" library="pyautogui">
<doc>Performs pressing a mouse button down and then immediately releasing it. Returns ``None``.</doc>
<arguments>
<arg>${position_scroll}</arg>
</arguments>
<status status="PASS" starttime="20210312 10:57:46.914" endtime="20210312 10:57:47.022"></status>
</kw>
<kw name="Continue For Loop" library="BuiltIn">
<doc>Skips the current for loop iteration and continues from the next.</doc>
<msg timestamp="20210312 10:57:47.022" level="INFO">Continuing for loop from the next iteration.</msg>
<status status="PASS" starttime="20210312 10:57:47.022" endtime="20210312 10:57:47.022"></status>
</kw>
<status status="PASS" starttime="20210312 10:57:46.914" endtime="20210312 10:57:47.022"></status>
</kw>
<kw name="${index} = 26" type="foritem">
<kw name="Click" library="pyautogui">
<doc>Performs pressing a mouse button down and then immediately releasing it. Returns ``None``.</doc>
<arguments>
<arg>${position_scroll}</arg>
</arguments>
<status status="PASS" starttime="20210312 10:57:47.023" endtime="20210312 10:57:47.131"></status>
</kw>
<kw name="Continue For Loop" library="BuiltIn">
<doc>Skips the current for loop iteration and continues from the next.</doc>
<msg timestamp="20210312 10:57:47.131" level="INFO">Continuing for loop from the next iteration.</msg>
<status status="PASS" starttime="20210312 10:57:47.131" endtime="20210312 10:57:47.131"></status>
</kw>
<status status="PASS" starttime="20210312 10:57:47.023" endtime="20210312 10:57:47.131"></status>
</kw>
<kw name="${index} = 27" type="foritem">
<kw name="Click" library="pyautogui">
<doc>Performs pressing a mouse button down and then immediately releasing it. Returns ``None``.</doc>
<arguments>
<arg>${position_scroll}</arg>
</arguments>
<status status="PASS" starttime="20210312 10:57:47.132" endtime="20210312 10:57:47.241"></status>
</kw>
<kw name="Continue For Loop" library="BuiltIn">
<doc>Skips the current for loop iteration and continues from the next.</doc>
<msg timestamp="20210312 10:57:47.241" level="INFO">Continuing for loop from the next iteration.</msg>
<status status="PASS" starttime="20210312 10:57:47.241" endtime="20210312 10:57:47.241"></status>
</kw>
<status status="PASS" starttime="20210312 10:57:47.132" endtime="20210312 10:57:47.241"></status>
</kw>
<kw name="${index} = 28" type="foritem">
<kw name="Click" library="pyautogui">
<doc>Performs pressing a mouse button down and then immediately releasing it. Returns ``None``.</doc>
<arguments>
<arg>${position_scroll}</arg>
</arguments>
<status status="PASS" starttime="20210312 10:57:47.242" endtime="20210312 10:57:47.352"></status>
</kw>
<kw name="Continue For Loop" library="BuiltIn">
<doc>Skips the current for loop iteration and continues from the next.</doc>
<msg timestamp="20210312 10:57:47.352" level="INFO">Continuing for loop from the next iteration.</msg>
<status status="PASS" starttime="20210312 10:57:47.352" endtime="20210312 10:57:47.352"></status>
</kw>
<status status="PASS" starttime="20210312 10:57:47.241" endtime="20210312 10:57:47.352"></status>
</kw>
<kw name="${index} = 29" type="foritem">
<kw name="Click" library="pyautogui">
<doc>Performs pressing a mouse button down and then immediately releasing it. Returns ``None``.</doc>
<arguments>
<arg>${position_scroll}</arg>
</arguments>
<status status="PASS" starttime="20210312 10:57:47.353" endtime="20210312 10:57:47.461"></status>
</kw>
<kw name="Continue For Loop" library="BuiltIn">
<doc>Skips the current for loop iteration and continues from the next.</doc>
<msg timestamp="20210312 10:57:47.461" level="INFO">Continuing for loop from the next iteration.</msg>
<status status="PASS" starttime="20210312 10:57:47.461" endtime="20210312 10:57:47.462"></status>
</kw>
<status status="PASS" starttime="20210312 10:57:47.353" endtime="20210312 10:57:47.462"></status>
</kw>
<kw name="${index} = 30" type="foritem">
<kw name="Click" library="pyautogui">
<doc>Performs pressing a mouse button down and then immediately releasing it. Returns ``None``.</doc>
<arguments>
<arg>${position_scroll}</arg>
</arguments>
<status status="PASS" starttime="20210312 10:57:47.462" endtime="20210312 10:57:47.570"></status>
</kw>
<kw name="Continue For Loop" library="BuiltIn">
<doc>Skips the current for loop iteration and continues from the next.</doc>
<msg timestamp="20210312 10:57:47.570" level="INFO">Continuing for loop from the next iteration.</msg>
<status status="PASS" starttime="20210312 10:57:47.570" endtime="20210312 10:57:47.570"></status>
</kw>
<status status="PASS" starttime="20210312 10:57:47.462" endtime="20210312 10:57:47.570"></status>
</kw>
<kw name="${index} = 31" type="foritem">
<kw name="Click" library="pyautogui">
<doc>Performs pressing a mouse button down and then immediately releasing it. Returns ``None``.</doc>
<arguments>
<arg>${position_scroll}</arg>
</arguments>
<status status="PASS" starttime="20210312 10:57:47.571" endtime="20210312 10:57:47.680"></status>
</kw>
<kw name="Continue For Loop" library="BuiltIn">
<doc>Skips the current for loop iteration and continues from the next.</doc>
<msg timestamp="20210312 10:57:47.681" level="INFO">Continuing for loop from the next iteration.</msg>
<status status="PASS" starttime="20210312 10:57:47.680" endtime="20210312 10:57:47.681"></status>
</kw>
<status status="PASS" starttime="20210312 10:57:47.571" endtime="20210312 10:57:47.681"></status>
</kw>
<kw name="${index} = 32" type="foritem">
<kw name="Click" library="pyautogui">
<doc>Performs pressing a mouse button down and then immediately releasing it. Returns ``None``.</doc>
<arguments>
<arg>${position_scroll}</arg>
</arguments>
<status status="PASS" starttime="20210312 10:57:47.681" endtime="20210312 10:57:47.787"></status>
</kw>
<kw name="Continue For Loop" library="BuiltIn">
<doc>Skips the current for loop iteration and continues from the next.</doc>
<msg timestamp="20210312 10:57:47.787" level="INFO">Continuing for loop from the next iteration.</msg>
<status status="PASS" starttime="20210312 10:57:47.787" endtime="20210312 10:57:47.787"></status>
</kw>
<status status="PASS" starttime="20210312 10:57:47.681" endtime="20210312 10:57:47.787"></status>
</kw>
<kw name="${index} = 33" type="foritem">
<kw name="Click" library="pyautogui">
<doc>Performs pressing a mouse button down and then immediately releasing it. Returns ``None``.</doc>
<arguments>
<arg>${position_scroll}</arg>
</arguments>
<status status="PASS" starttime="20210312 10:57:47.788" endtime="20210312 10:57:47.898"></status>
</kw>
<kw name="Continue For Loop" library="BuiltIn">
<doc>Skips the current for loop iteration and continues from the next.</doc>
<msg timestamp="20210312 10:57:47.898" level="INFO">Continuing for loop from the next iteration.</msg>
<status status="PASS" starttime="20210312 10:57:47.898" endtime="20210312 10:57:47.898"></status>
</kw>
<status status="PASS" starttime="20210312 10:57:47.787" endtime="20210312 10:57:47.899"></status>
</kw>
<kw name="${index} = 34" type="foritem">
<kw name="Click" library="pyautogui">
<doc>Performs pressing a mouse button down and then immediately releasing it. Returns ``None``.</doc>
<arguments>
<arg>${position_scroll}</arg>
</arguments>
<status status="PASS" starttime="20210312 10:57:47.899" endtime="20210312 10:57:48.008"></status>
</kw>
<kw name="Continue For Loop" library="BuiltIn">
<doc>Skips the current for loop iteration and continues from the next.</doc>
<msg timestamp="20210312 10:57:48.008" level="INFO">Continuing for loop from the next iteration.</msg>
<status status="PASS" starttime="20210312 10:57:48.008" endtime="20210312 10:57:48.008"></status>
</kw>
<status status="PASS" starttime="20210312 10:57:47.899" endtime="20210312 10:57:48.009"></status>
</kw>
<kw name="${index} = 35" type="foritem">
<kw name="Click" library="pyautogui">
<doc>Performs pressing a mouse button down and then immediately releasing it. Returns ``None``.</doc>
<arguments>
<arg>${position_scroll}</arg>
</arguments>
<status status="PASS" starttime="20210312 10:57:48.009" endtime="20210312 10:57:48.118"></status>
</kw>
<kw name="Continue For Loop" library="BuiltIn">
<doc>Skips the current for loop iteration and continues from the next.</doc>
<msg timestamp="20210312 10:57:48.118" level="INFO">Continuing for loop from the next iteration.</msg>
<status status="PASS" starttime="20210312 10:57:48.118" endtime="20210312 10:57:48.118"></status>
</kw>
<status status="PASS" starttime="20210312 10:57:48.009" endtime="20210312 10:57:48.118"></status>
</kw>
<kw name="${index} = 36" type="foritem">
<kw name="Click" library="pyautogui">
<doc>Performs pressing a mouse button down and then immediately releasing it. Returns ``None``.</doc>
<arguments>
<arg>${position_scroll}</arg>
</arguments>
<status status="PASS" starttime="20210312 10:57:48.119" endtime="20210312 10:57:48.227"></status>
</kw>
<kw name="Continue For Loop" library="BuiltIn">
<doc>Skips the current for loop iteration and continues from the next.</doc>
<msg timestamp="20210312 10:57:48.227" level="INFO">Continuing for loop from the next iteration.</msg>
<status status="PASS" starttime="20210312 10:57:48.227" endtime="20210312 10:57:48.227"></status>
</kw>
<status status="PASS" starttime="20210312 10:57:48.119" endtime="20210312 10:57:48.227"></status>
</kw>
<kw name="${index} = 37" type="foritem">
<kw name="Click" library="pyautogui">
<doc>Performs pressing a mouse button down and then immediately releasing it. Returns ``None``.</doc>
<arguments>
<arg>${position_scroll}</arg>
</arguments>
<status status="PASS" starttime="20210312 10:57:48.228" endtime="20210312 10:57:48.338"></status>
</kw>
<kw name="Continue For Loop" library="BuiltIn">
<doc>Skips the current for loop iteration and continues from the next.</doc>
<msg timestamp="20210312 10:57:48.338" level="INFO">Continuing for loop from the next iteration.</msg>
<status status="PASS" starttime="20210312 10:57:48.338" endtime="20210312 10:57:48.338"></status>
</kw>
<status status="PASS" starttime="20210312 10:57:48.228" endtime="20210312 10:57:48.339"></status>
</kw>
<kw name="${index} = 38" type="foritem">
<kw name="Click" library="pyautogui">
<doc>Performs pressing a mouse button down and then immediately releasing it. Returns ``None``.</doc>
<arguments>
<arg>${position_scroll}</arg>
</arguments>
<status status="PASS" starttime="20210312 10:57:48.339" endtime="20210312 10:57:48.447"></status>
</kw>
<kw name="Continue For Loop" library="BuiltIn">
<doc>Skips the current for loop iteration and continues from the next.</doc>
<msg timestamp="20210312 10:57:48.447" level="INFO">Continuing for loop from the next iteration.</msg>
<status status="PASS" starttime="20210312 10:57:48.447" endtime="20210312 10:57:48.447"></status>
</kw>
<status status="PASS" starttime="20210312 10:57:48.339" endtime="20210312 10:57:48.447"></status>
</kw>
<kw name="${index} = 39" type="foritem">
<kw name="Click" library="pyautogui">
<doc>Performs pressing a mouse button down and then immediately releasing it. Returns ``None``.</doc>
<arguments>
<arg>${position_scroll}</arg>
</arguments>
<status status="PASS" starttime="20210312 10:57:48.448" endtime="20210312 10:57:48.557"></status>
</kw>
<kw name="Continue For Loop" library="BuiltIn">
<doc>Skips the current for loop iteration and continues from the next.</doc>
<msg timestamp="20210312 10:57:48.557" level="INFO">Continuing for loop from the next iteration.</msg>
<status status="PASS" starttime="20210312 10:57:48.557" endtime="20210312 10:57:48.557"></status>
</kw>
<status status="PASS" starttime="20210312 10:57:48.448" endtime="20210312 10:57:48.557"></status>
</kw>
<kw name="${index} = 40" type="foritem">
<kw name="Click" library="pyautogui">
<doc>Performs pressing a mouse button down and then immediately releasing it. Returns ``None``.</doc>
<arguments>
<arg>${position_scroll}</arg>
</arguments>
<status status="PASS" starttime="20210312 10:57:48.558" endtime="20210312 10:57:48.666"></status>
</kw>
<kw name="Continue For Loop" library="BuiltIn">
<doc>Skips the current for loop iteration and continues from the next.</doc>
<msg timestamp="20210312 10:57:48.666" level="INFO">Continuing for loop from the next iteration.</msg>
<status status="PASS" starttime="20210312 10:57:48.666" endtime="20210312 10:57:48.666"></status>
</kw>
<status status="PASS" starttime="20210312 10:57:48.557" endtime="20210312 10:57:48.666"></status>
</kw>
<kw name="${index} = 41" type="foritem">
<kw name="Click" library="pyautogui">
<doc>Performs pressing a mouse button down and then immediately releasing it. Returns ``None``.</doc>
<arguments>
<arg>${position_scroll}</arg>
</arguments>
<status status="PASS" starttime="20210312 10:57:48.667" endtime="20210312 10:57:48.777"></status>
</kw>
<kw name="Continue For Loop" library="BuiltIn">
<doc>Skips the current for loop iteration and continues from the next.</doc>
<msg timestamp="20210312 10:57:48.777" level="INFO">Continuing for loop from the next iteration.</msg>
<status status="PASS" starttime="20210312 10:57:48.777" endtime="20210312 10:57:48.777"></status>
</kw>
<status status="PASS" starttime="20210312 10:57:48.667" endtime="20210312 10:57:48.777"></status>
</kw>
<kw name="${index} = 42" type="foritem">
<kw name="Click" library="pyautogui">
<doc>Performs pressing a mouse button down and then immediately releasing it. Returns ``None``.</doc>
<arguments>
<arg>${position_scroll}</arg>
</arguments>
<status status="PASS" starttime="20210312 10:57:48.778" endtime="20210312 10:57:48.886"></status>
</kw>
<kw name="Continue For Loop" library="BuiltIn">
<doc>Skips the current for loop iteration and continues from the next.</doc>
<msg timestamp="20210312 10:57:48.886" level="INFO">Continuing for loop from the next iteration.</msg>
<status status="PASS" starttime="20210312 10:57:48.886" endtime="20210312 10:57:48.886"></status>
</kw>
<status status="PASS" starttime="20210312 10:57:48.778" endtime="20210312 10:57:48.886"></status>
</kw>
<kw name="${index} = 43" type="foritem">
<kw name="Click" library="pyautogui">
<doc>Performs pressing a mouse button down and then immediately releasing it. Returns ``None``.</doc>
<arguments>
<arg>${position_scroll}</arg>
</arguments>
<status status="PASS" starttime="20210312 10:57:48.887" endtime="20210312 10:57:48.995"></status>
</kw>
<kw name="Continue For Loop" library="BuiltIn">
<doc>Skips the current for loop iteration and continues from the next.</doc>
<msg timestamp="20210312 10:57:48.995" level="INFO">Continuing for loop from the next iteration.</msg>
<status status="PASS" starttime="20210312 10:57:48.995" endtime="20210312 10:57:48.995"></status>
</kw>
<status status="PASS" starttime="20210312 10:57:48.887" endtime="20210312 10:57:48.995"></status>
</kw>
<kw name="${index} = 44" type="foritem">
<kw name="Click" library="pyautogui">
<doc>Performs pressing a mouse button down and then immediately releasing it. Returns ``None``.</doc>
<arguments>
<arg>${position_scroll}</arg>
</arguments>
<status status="PASS" starttime="20210312 10:57:48.996" endtime="20210312 10:57:49.104"></status>
</kw>
<kw name="Continue For Loop" library="BuiltIn">
<doc>Skips the current for loop iteration and continues from the next.</doc>
<msg timestamp="20210312 10:57:49.104" level="INFO">Continuing for loop from the next iteration.</msg>
<status status="PASS" starttime="20210312 10:57:49.104" endtime="20210312 10:57:49.104"></status>
</kw>
<status status="PASS" starttime="20210312 10:57:48.996" endtime="20210312 10:57:49.104"></status>
</kw>
<kw name="${index} = 45" type="foritem">
<kw name="Click" library="pyautogui">
<doc>Performs pressing a mouse button down and then immediately releasing it. Returns ``None``.</doc>
<arguments>
<arg>${position_scroll}</arg>
</arguments>
<status status="PASS" starttime="20210312 10:57:49.105" endtime="20210312 10:57:49.213"></status>
</kw>
<kw name="Continue For Loop" library="BuiltIn">
<doc>Skips the current for loop iteration and continues from the next.</doc>
<msg timestamp="20210312 10:57:49.213" level="INFO">Continuing for loop from the next iteration.</msg>
<status status="PASS" starttime="20210312 10:57:49.213" endtime="20210312 10:57:49.213"></status>
</kw>
<status status="PASS" starttime="20210312 10:57:49.104" endtime="20210312 10:57:49.213"></status>
</kw>
<kw name="${index} = 46" type="foritem">
<kw name="Click" library="pyautogui">
<doc>Performs pressing a mouse button down and then immediately releasing it. Returns ``None``.</doc>
<arguments>
<arg>${position_scroll}</arg>
</arguments>
<status status="PASS" starttime="20210312 10:57:49.214" endtime="20210312 10:57:49.321"></status>
</kw>
<kw name="Continue For Loop" library="BuiltIn">
<doc>Skips the current for loop iteration and continues from the next.</doc>
<msg timestamp="20210312 10:57:49.321" level="INFO">Continuing for loop from the next iteration.</msg>
<status status="PASS" starttime="20210312 10:57:49.321" endtime="20210312 10:57:49.321"></status>
</kw>
<status status="PASS" starttime="20210312 10:57:49.214" endtime="20210312 10:57:49.321"></status>
</kw>
<kw name="${index} = 47" type="foritem">
<kw name="Click" library="pyautogui">
<doc>Performs pressing a mouse button down and then immediately releasing it. Returns ``None``.</doc>
<arguments>
<arg>${position_scroll}</arg>
</arguments>
<status status="PASS" starttime="20210312 10:57:49.322" endtime="20210312 10:57:49.429"></status>
</kw>
<kw name="Continue For Loop" library="BuiltIn">
<doc>Skips the current for loop iteration and continues from the next.</doc>
<msg timestamp="20210312 10:57:49.429" level="INFO">Continuing for loop from the next iteration.</msg>
<status status="PASS" starttime="20210312 10:57:49.429" endtime="20210312 10:57:49.429"></status>
</kw>
<status status="PASS" starttime="20210312 10:57:49.322" endtime="20210312 10:57:49.429"></status>
</kw>
<kw name="${index} = 48" type="foritem">
<kw name="Click" library="pyautogui">
<doc>Performs pressing a mouse button down and then immediately releasing it. Returns ``None``.</doc>
<arguments>
<arg>${position_scroll}</arg>
</arguments>
<status status="PASS" starttime="20210312 10:57:49.430" endtime="20210312 10:57:49.539"></status>
</kw>
<kw name="Continue For Loop" library="BuiltIn">
<doc>Skips the current for loop iteration and continues from the next.</doc>
<msg timestamp="20210312 10:57:49.539" level="INFO">Continuing for loop from the next iteration.</msg>
<status status="PASS" starttime="20210312 10:57:49.539" endtime="20210312 10:57:49.539"></status>
</kw>
<status status="PASS" starttime="20210312 10:57:49.430" endtime="20210312 10:57:49.539"></status>
</kw>
<kw name="${index} = 49" type="foritem">
<kw name="Click" library="pyautogui">
<doc>Performs pressing a mouse button down and then immediately releasing it. Returns ``None``.</doc>
<arguments>
<arg>${position_scroll}</arg>
</arguments>
<status status="PASS" starttime="20210312 10:57:49.540" endtime="20210312 10:57:49.652"></status>
</kw>
<kw name="Continue For Loop" library="BuiltIn">
<doc>Skips the current for loop iteration and continues from the next.</doc>
<msg timestamp="20210312 10:57:49.652" level="INFO">Continuing for loop from the next iteration.</msg>
<status status="PASS" starttime="20210312 10:57:49.652" endtime="20210312 10:57:49.652"></status>
</kw>
<status status="PASS" starttime="20210312 10:57:49.539" endtime="20210312 10:57:49.652"></status>
</kw>
<kw name="${index} = 50" type="foritem">
<kw name="Click" library="pyautogui">
<doc>Performs pressing a mouse button down and then immediately releasing it. Returns ``None``.</doc>
<arguments>
<arg>${position_scroll}</arg>
</arguments>
<status status="PASS" starttime="20210312 10:57:49.653" endtime="20210312 10:57:49.763"></status>
</kw>
<kw name="Continue For Loop" library="BuiltIn">
<doc>Skips the current for loop iteration and continues from the next.</doc>
<msg timestamp="20210312 10:57:49.763" level="INFO">Continuing for loop from the next iteration.</msg>
<status status="PASS" starttime="20210312 10:57:49.763" endtime="20210312 10:57:49.764"></status>
</kw>
<status status="PASS" starttime="20210312 10:57:49.652" endtime="20210312 10:57:49.764"></status>
</kw>
<kw name="${index} = 51" type="foritem">
<kw name="Click" library="pyautogui">
<doc>Performs pressing a mouse button down and then immediately releasing it. Returns ``None``.</doc>
<arguments>
<arg>${position_scroll}</arg>
</arguments>
<status status="PASS" starttime="20210312 10:57:49.764" endtime="20210312 10:57:49.872"></status>
</kw>
<kw name="Continue For Loop" library="BuiltIn">
<doc>Skips the current for loop iteration and continues from the next.</doc>
<msg timestamp="20210312 10:57:49.872" level="INFO">Continuing for loop from the next iteration.</msg>
<status status="PASS" starttime="20210312 10:57:49.872" endtime="20210312 10:57:49.872"></status>
</kw>
<status status="PASS" starttime="20210312 10:57:49.764" endtime="20210312 10:57:49.873"></status>
</kw>
<kw name="${index} = 52" type="foritem">
<kw name="Click" library="pyautogui">
<doc>Performs pressing a mouse button down and then immediately releasing it. Returns ``None``.</doc>
<arguments>
<arg>${position_scroll}</arg>
</arguments>
<status status="PASS" starttime="20210312 10:57:49.873" endtime="20210312 10:57:49.982"></status>
</kw>
<kw name="Continue For Loop" library="BuiltIn">
<doc>Skips the current for loop iteration and continues from the next.</doc>
<msg timestamp="20210312 10:57:49.982" level="INFO">Continuing for loop from the next iteration.</msg>
<status status="PASS" starttime="20210312 10:57:49.982" endtime="20210312 10:57:49.982"></status>
</kw>
<status status="PASS" starttime="20210312 10:57:49.873" endtime="20210312 10:57:49.982"></status>
</kw>
<kw name="${index} = 53" type="foritem">
<kw name="Click" library="pyautogui">
<doc>Performs pressing a mouse button down and then immediately releasing it. Returns ``None``.</doc>
<arguments>
<arg>${position_scroll}</arg>
</arguments>
<status status="PASS" starttime="20210312 10:57:49.983" endtime="20210312 10:57:50.089"></status>
</kw>
<kw name="Continue For Loop" library="BuiltIn">
<doc>Skips the current for loop iteration and continues from the next.</doc>
<msg timestamp="20210312 10:57:50.089" level="INFO">Continuing for loop from the next iteration.</msg>
<status status="PASS" starttime="20210312 10:57:50.089" endtime="20210312 10:57:50.089"></status>
</kw>
<status status="PASS" starttime="20210312 10:57:49.982" endtime="20210312 10:57:50.090"></status>
</kw>
<kw name="${index} = 54" type="foritem">
<kw name="Click" library="pyautogui">
<doc>Performs pressing a mouse button down and then immediately releasing it. Returns ``None``.</doc>
<arguments>
<arg>${position_scroll}</arg>
</arguments>
<status status="PASS" starttime="20210312 10:57:50.090" endtime="20210312 10:57:50.196"></status>
</kw>
<kw name="Continue For Loop" library="BuiltIn">
<doc>Skips the current for loop iteration and continues from the next.</doc>
<msg timestamp="20210312 10:57:50.196" level="INFO">Continuing for loop from the next iteration.</msg>
<status status="PASS" starttime="20210312 10:57:50.196" endtime="20210312 10:57:50.197"></status>
</kw>
<status status="PASS" starttime="20210312 10:57:50.090" endtime="20210312 10:57:50.197"></status>
</kw>
<kw name="${index} = 55" type="foritem">
<kw name="Click" library="pyautogui">
<doc>Performs pressing a mouse button down and then immediately releasing it. Returns ``None``.</doc>
<arguments>
<arg>${position_scroll}</arg>
</arguments>
<status status="PASS" starttime="20210312 10:57:50.197" endtime="20210312 10:57:50.307"></status>
</kw>
<kw name="Continue For Loop" library="BuiltIn">
<doc>Skips the current for loop iteration and continues from the next.</doc>
<msg timestamp="20210312 10:57:50.307" level="INFO">Continuing for loop from the next iteration.</msg>
<status status="PASS" starttime="20210312 10:57:50.307" endtime="20210312 10:57:50.307"></status>
</kw>
<status status="PASS" starttime="20210312 10:57:50.197" endtime="20210312 10:57:50.307"></status>
</kw>
<kw name="${index} = 56" type="foritem">
<kw name="Click" library="pyautogui">
<doc>Performs pressing a mouse button down and then immediately releasing it. Returns ``None``.</doc>
<arguments>
<arg>${position_scroll}</arg>
</arguments>
<status status="PASS" starttime="20210312 10:57:50.308" endtime="20210312 10:57:50.416"></status>
</kw>
<kw name="Continue For Loop" library="BuiltIn">
<doc>Skips the current for loop iteration and continues from the next.</doc>
<msg timestamp="20210312 10:57:50.416" level="INFO">Continuing for loop from the next iteration.</msg>
<status status="PASS" starttime="20210312 10:57:50.416" endtime="20210312 10:57:50.416"></status>
</kw>
<status status="PASS" starttime="20210312 10:57:50.308" endtime="20210312 10:57:50.417"></status>
</kw>
<kw name="${index} = 57" type="foritem">
<kw name="Click" library="pyautogui">
<doc>Performs pressing a mouse button down and then immediately releasing it. Returns ``None``.</doc>
<arguments>
<arg>${position_scroll}</arg>
</arguments>
<status status="PASS" starttime="20210312 10:57:50.417" endtime="20210312 10:57:50.524"></status>
</kw>
<kw name="Continue For Loop" library="BuiltIn">
<doc>Skips the current for loop iteration and continues from the next.</doc>
<msg timestamp="20210312 10:57:50.524" level="INFO">Continuing for loop from the next iteration.</msg>
<status status="PASS" starttime="20210312 10:57:50.524" endtime="20210312 10:57:50.524"></status>
</kw>
<status status="PASS" starttime="20210312 10:57:50.417" endtime="20210312 10:57:50.525"></status>
</kw>
<kw name="${index} = 58" type="foritem">
<kw name="Click" library="pyautogui">
<doc>Performs pressing a mouse button down and then immediately releasing it. Returns ``None``.</doc>
<arguments>
<arg>${position_scroll}</arg>
</arguments>
<status status="PASS" starttime="20210312 10:57:50.525" endtime="20210312 10:57:50.632"></status>
</kw>
<kw name="Continue For Loop" library="BuiltIn">
<doc>Skips the current for loop iteration and continues from the next.</doc>
<msg timestamp="20210312 10:57:50.632" level="INFO">Continuing for loop from the next iteration.</msg>
<status status="PASS" starttime="20210312 10:57:50.632" endtime="20210312 10:57:50.632"></status>
</kw>
<status status="PASS" starttime="20210312 10:57:50.525" endtime="20210312 10:57:50.632"></status>
</kw>
<kw name="${index} = 59" type="foritem">
<kw name="Click" library="pyautogui">
<doc>Performs pressing a mouse button down and then immediately releasing it. Returns ``None``.</doc>
<arguments>
<arg>${position_scroll}</arg>
</arguments>
<status status="PASS" starttime="20210312 10:57:50.633" endtime="20210312 10:57:50.747"></status>
</kw>
<kw name="Continue For Loop" library="BuiltIn">
<doc>Skips the current for loop iteration and continues from the next.</doc>
<msg timestamp="20210312 10:57:50.748" level="INFO">Continuing for loop from the next iteration.</msg>
<status status="PASS" starttime="20210312 10:57:50.748" endtime="20210312 10:57:50.749"></status>
</kw>
<status status="PASS" starttime="20210312 10:57:50.633" endtime="20210312 10:57:50.749"></status>
</kw>
<kw name="${index} = 60" type="foritem">
<kw name="Click" library="pyautogui">
<doc>Performs pressing a mouse button down and then immediately releasing it. Returns ``None``.</doc>
<arguments>
<arg>${position_scroll}</arg>
</arguments>
<status status="PASS" starttime="20210312 10:57:50.749" endtime="20210312 10:57:50.864"></status>
</kw>
<kw name="Continue For Loop" library="BuiltIn">
<doc>Skips the current for loop iteration and continues from the next.</doc>
<msg timestamp="20210312 10:57:50.864" level="INFO">Continuing for loop from the next iteration.</msg>
<status status="PASS" starttime="20210312 10:57:50.864" endtime="20210312 10:57:50.864"></status>
</kw>
<status status="PASS" starttime="20210312 10:57:50.749" endtime="20210312 10:57:50.864"></status>
</kw>
<kw name="${index} = 61" type="foritem">
<kw name="Click" library="pyautogui">
<doc>Performs pressing a mouse button down and then immediately releasing it. Returns ``None``.</doc>
<arguments>
<arg>${position_scroll}</arg>
</arguments>
<status status="PASS" starttime="20210312 10:57:50.865" endtime="20210312 10:57:50.971"></status>
</kw>
<kw name="Continue For Loop" library="BuiltIn">
<doc>Skips the current for loop iteration and continues from the next.</doc>
<msg timestamp="20210312 10:57:50.971" level="INFO">Continuing for loop from the next iteration.</msg>
<status status="PASS" starttime="20210312 10:57:50.971" endtime="20210312 10:57:50.971"></status>
</kw>
<status status="PASS" starttime="20210312 10:57:50.865" endtime="20210312 10:57:50.971"></status>
</kw>
<kw name="${index} = 62" type="foritem">
<kw name="Click" library="pyautogui">
<doc>Performs pressing a mouse button down and then immediately releasing it. Returns ``None``.</doc>
<arguments>
<arg>${position_scroll}</arg>
</arguments>
<status status="PASS" starttime="20210312 10:57:50.972" endtime="20210312 10:57:51.078"></status>
</kw>
<kw name="Continue For Loop" library="BuiltIn">
<doc>Skips the current for loop iteration and continues from the next.</doc>
<msg timestamp="20210312 10:57:51.078" level="INFO">Continuing for loop from the next iteration.</msg>
<status status="PASS" starttime="20210312 10:57:51.078" endtime="20210312 10:57:51.078"></status>
</kw>
<status status="PASS" starttime="20210312 10:57:50.972" endtime="20210312 10:57:51.078"></status>
</kw>
<kw name="${index} = 63" type="foritem">
<kw name="Click" library="pyautogui">
<doc>Performs pressing a mouse button down and then immediately releasing it. Returns ``None``.</doc>
<arguments>
<arg>${position_scroll}</arg>
</arguments>
<status status="PASS" starttime="20210312 10:57:51.079" endtime="20210312 10:57:51.188"></status>
</kw>
<kw name="Continue For Loop" library="BuiltIn">
<doc>Skips the current for loop iteration and continues from the next.</doc>
<msg timestamp="20210312 10:57:51.188" level="INFO">Continuing for loop from the next iteration.</msg>
<status status="PASS" starttime="20210312 10:57:51.188" endtime="20210312 10:57:51.188"></status>
</kw>
<status status="PASS" starttime="20210312 10:57:51.078" endtime="20210312 10:57:51.188"></status>
</kw>
<kw name="${index} = 64" type="foritem">
<kw name="Click" library="pyautogui">
<doc>Performs pressing a mouse button down and then immediately releasing it. Returns ``None``.</doc>
<arguments>
<arg>${position_scroll}</arg>
</arguments>
<status status="PASS" starttime="20210312 10:57:51.189" endtime="20210312 10:57:51.297"></status>
</kw>
<kw name="Continue For Loop" library="BuiltIn">
<doc>Skips the current for loop iteration and continues from the next.</doc>
<msg timestamp="20210312 10:57:51.297" level="INFO">Continuing for loop from the next iteration.</msg>
<status status="PASS" starttime="20210312 10:57:51.297" endtime="20210312 10:57:51.297"></status>
</kw>
<status status="PASS" starttime="20210312 10:57:51.188" endtime="20210312 10:57:51.298"></status>
</kw>
<kw name="${index} = 65" type="foritem">
<kw name="Click" library="pyautogui">
<doc>Performs pressing a mouse button down and then immediately releasing it. Returns ``None``.</doc>
<arguments>
<arg>${position_scroll}</arg>
</arguments>
<status status="PASS" starttime="20210312 10:57:51.298" endtime="20210312 10:57:51.406"></status>
</kw>
<kw name="Continue For Loop" library="BuiltIn">
<doc>Skips the current for loop iteration and continues from the next.</doc>
<msg timestamp="20210312 10:57:51.406" level="INFO">Continuing for loop from the next iteration.</msg>
<status status="PASS" starttime="20210312 10:57:51.406" endtime="20210312 10:57:51.406"></status>
</kw>
<status status="PASS" starttime="20210312 10:57:51.298" endtime="20210312 10:57:51.406"></status>
</kw>
<kw name="${index} = 66" type="foritem">
<kw name="Click" library="pyautogui">
<doc>Performs pressing a mouse button down and then immediately releasing it. Returns ``None``.</doc>
<arguments>
<arg>${position_scroll}</arg>
</arguments>
<status status="PASS" starttime="20210312 10:57:51.407" endtime="20210312 10:57:51.514"></status>
</kw>
<kw name="Continue For Loop" library="BuiltIn">
<doc>Skips the current for loop iteration and continues from the next.</doc>
<msg timestamp="20210312 10:57:51.514" level="INFO">Continuing for loop from the next iteration.</msg>
<status status="PASS" starttime="20210312 10:57:51.514" endtime="20210312 10:57:51.514"></status>
</kw>
<status status="PASS" starttime="20210312 10:57:51.407" endtime="20210312 10:57:51.514"></status>
</kw>
<kw name="${index} = 67" type="foritem">
<kw name="Click" library="pyautogui">
<doc>Performs pressing a mouse button down and then immediately releasing it. Returns ``None``.</doc>
<arguments>
<arg>${position_scroll}</arg>
</arguments>
<status status="PASS" starttime="20210312 10:57:51.515" endtime="20210312 10:57:51.622"></status>
</kw>
<kw name="Continue For Loop" library="BuiltIn">
<doc>Skips the current for loop iteration and continues from the next.</doc>
<msg timestamp="20210312 10:57:51.622" level="INFO">Continuing for loop from the next iteration.</msg>
<status status="PASS" starttime="20210312 10:57:51.622" endtime="20210312 10:57:51.622"></status>
</kw>
<status status="PASS" starttime="20210312 10:57:51.515" endtime="20210312 10:57:51.622"></status>
</kw>
<kw name="${index} = 68" type="foritem">
<kw name="Click" library="pyautogui">
<doc>Performs pressing a mouse button down and then immediately releasing it. Returns ``None``.</doc>
<arguments>
<arg>${position_scroll}</arg>
</arguments>
<status status="PASS" starttime="20210312 10:57:51.623" endtime="20210312 10:57:51.732"></status>
</kw>
<kw name="Continue For Loop" library="BuiltIn">
<doc>Skips the current for loop iteration and continues from the next.</doc>
<msg timestamp="20210312 10:57:51.732" level="INFO">Continuing for loop from the next iteration.</msg>
<status status="PASS" starttime="20210312 10:57:51.732" endtime="20210312 10:57:51.732"></status>
</kw>
<status status="PASS" starttime="20210312 10:57:51.623" endtime="20210312 10:57:51.732"></status>
</kw>
<kw name="${index} = 69" type="foritem">
<kw name="Click" library="pyautogui">
<doc>Performs pressing a mouse button down and then immediately releasing it. Returns ``None``.</doc>
<arguments>
<arg>${position_scroll}</arg>
</arguments>
<status status="PASS" starttime="20210312 10:57:51.733" endtime="20210312 10:57:51.842"></status>
</kw>
<kw name="Continue For Loop" library="BuiltIn">
<doc>Skips the current for loop iteration and continues from the next.</doc>
<msg timestamp="20210312 10:57:51.842" level="INFO">Continuing for loop from the next iteration.</msg>
<status status="PASS" starttime="20210312 10:57:51.842" endtime="20210312 10:57:51.842"></status>
</kw>
<status status="PASS" starttime="20210312 10:57:51.733" endtime="20210312 10:57:51.842"></status>
</kw>
<kw name="${index} = 70" type="foritem">
<kw name="Click" library="pyautogui">
<doc>Performs pressing a mouse button down and then immediately releasing it. Returns ``None``.</doc>
<arguments>
<arg>${position_scroll}</arg>
</arguments>
<status status="PASS" starttime="20210312 10:57:51.843" endtime="20210312 10:57:51.951"></status>
</kw>
<kw name="Continue For Loop" library="BuiltIn">
<doc>Skips the current for loop iteration and continues from the next.</doc>
<msg timestamp="20210312 10:57:51.951" level="INFO">Continuing for loop from the next iteration.</msg>
<status status="PASS" starttime="20210312 10:57:51.951" endtime="20210312 10:57:51.951"></status>
</kw>
<status status="PASS" starttime="20210312 10:57:51.842" endtime="20210312 10:57:51.951"></status>
</kw>
<kw name="${index} = 71" type="foritem">
<kw name="Click" library="pyautogui">
<doc>Performs pressing a mouse button down and then immediately releasing it. Returns ``None``.</doc>
<arguments>
<arg>${position_scroll}</arg>
</arguments>
<status status="PASS" starttime="20210312 10:57:51.952" endtime="20210312 10:57:52.060"></status>
</kw>
<kw name="Continue For Loop" library="BuiltIn">
<doc>Skips the current for loop iteration and continues from the next.</doc>
<msg timestamp="20210312 10:57:52.060" level="INFO">Continuing for loop from the next iteration.</msg>
<status status="PASS" starttime="20210312 10:57:52.060" endtime="20210312 10:57:52.060"></status>
</kw>
<status status="PASS" starttime="20210312 10:57:51.952" endtime="20210312 10:57:52.061"></status>
</kw>
<kw name="${index} = 72" type="foritem">
<kw name="Click" library="pyautogui">
<doc>Performs pressing a mouse button down and then immediately releasing it. Returns ``None``.</doc>
<arguments>
<arg>${position_scroll}</arg>
</arguments>
<status status="PASS" starttime="20210312 10:57:52.061" endtime="20210312 10:57:52.168"></status>
</kw>
<kw name="Continue For Loop" library="BuiltIn">
<doc>Skips the current for loop iteration and continues from the next.</doc>
<msg timestamp="20210312 10:57:52.168" level="INFO">Continuing for loop from the next iteration.</msg>
<status status="PASS" starttime="20210312 10:57:52.168" endtime="20210312 10:57:52.168"></status>
</kw>
<status status="PASS" starttime="20210312 10:57:52.061" endtime="20210312 10:57:52.168"></status>
</kw>
<kw name="${index} = 73" type="foritem">
<kw name="Click" library="pyautogui">
<doc>Performs pressing a mouse button down and then immediately releasing it. Returns ``None``.</doc>
<arguments>
<arg>${position_scroll}</arg>
</arguments>
<status status="PASS" starttime="20210312 10:57:52.169" endtime="20210312 10:57:52.279"></status>
</kw>
<kw name="Continue For Loop" library="BuiltIn">
<doc>Skips the current for loop iteration and continues from the next.</doc>
<msg timestamp="20210312 10:57:52.279" level="INFO">Continuing for loop from the next iteration.</msg>
<status status="PASS" starttime="20210312 10:57:52.279" endtime="20210312 10:57:52.279"></status>
</kw>
<status status="PASS" starttime="20210312 10:57:52.168" endtime="20210312 10:57:52.279"></status>
</kw>
<kw name="${index} = 74" type="foritem">
<kw name="Click" library="pyautogui">
<doc>Performs pressing a mouse button down and then immediately releasing it. Returns ``None``.</doc>
<arguments>
<arg>${position_scroll}</arg>
</arguments>
<status status="PASS" starttime="20210312 10:57:52.280" endtime="20210312 10:57:52.387"></status>
</kw>
<kw name="Continue For Loop" library="BuiltIn">
<doc>Skips the current for loop iteration and continues from the next.</doc>
<msg timestamp="20210312 10:57:52.387" level="INFO">Continuing for loop from the next iteration.</msg>
<status status="PASS" starttime="20210312 10:57:52.387" endtime="20210312 10:57:52.387"></status>
</kw>
<status status="PASS" starttime="20210312 10:57:52.280" endtime="20210312 10:57:52.388"></status>
</kw>
<kw name="${index} = 75" type="foritem">
<kw name="Click" library="pyautogui">
<doc>Performs pressing a mouse button down and then immediately releasing it. Returns ``None``.</doc>
<arguments>
<arg>${position_scroll}</arg>
</arguments>
<status status="PASS" starttime="20210312 10:57:52.388" endtime="20210312 10:57:52.496"></status>
</kw>
<kw name="Continue For Loop" library="BuiltIn">
<doc>Skips the current for loop iteration and continues from the next.</doc>
<msg timestamp="20210312 10:57:52.496" level="INFO">Continuing for loop from the next iteration.</msg>
<status status="PASS" starttime="20210312 10:57:52.496" endtime="20210312 10:57:52.496"></status>
</kw>
<status status="PASS" starttime="20210312 10:57:52.388" endtime="20210312 10:57:52.496"></status>
</kw>
<kw name="${index} = 76" type="foritem">
<kw name="Click" library="pyautogui">
<doc>Performs pressing a mouse button down and then immediately releasing it. Returns ``None``.</doc>
<arguments>
<arg>${position_scroll}</arg>
</arguments>
<status status="PASS" starttime="20210312 10:57:52.497" endtime="20210312 10:57:52.604"></status>
</kw>
<kw name="Continue For Loop" library="BuiltIn">
<doc>Skips the current for loop iteration and continues from the next.</doc>
<msg timestamp="20210312 10:57:52.604" level="INFO">Continuing for loop from the next iteration.</msg>
<status status="PASS" starttime="20210312 10:57:52.604" endtime="20210312 10:57:52.604"></status>
</kw>
<status status="PASS" starttime="20210312 10:57:52.497" endtime="20210312 10:57:52.604"></status>
</kw>
<kw name="${index} = 77" type="foritem">
<kw name="Click" library="pyautogui">
<doc>Performs pressing a mouse button down and then immediately releasing it. Returns ``None``.</doc>
<arguments>
<arg>${position_scroll}</arg>
</arguments>
<status status="PASS" starttime="20210312 10:57:52.605" endtime="20210312 10:57:52.715"></status>
</kw>
<kw name="Continue For Loop" library="BuiltIn">
<doc>Skips the current for loop iteration and continues from the next.</doc>
<msg timestamp="20210312 10:57:52.715" level="INFO">Continuing for loop from the next iteration.</msg>
<status status="PASS" starttime="20210312 10:57:52.715" endtime="20210312 10:57:52.715"></status>
</kw>
<status status="PASS" starttime="20210312 10:57:52.604" endtime="20210312 10:57:52.715"></status>
</kw>
<kw name="${index} = 78" type="foritem">
<kw name="Click" library="pyautogui">
<doc>Performs pressing a mouse button down and then immediately releasing it. Returns ``None``.</doc>
<arguments>
<arg>${position_scroll}</arg>
</arguments>
<status status="PASS" starttime="20210312 10:57:52.716" endtime="20210312 10:57:52.824"></status>
</kw>
<kw name="Continue For Loop" library="BuiltIn">
<doc>Skips the current for loop iteration and continues from the next.</doc>
<msg timestamp="20210312 10:57:52.824" level="INFO">Continuing for loop from the next iteration.</msg>
<status status="PASS" starttime="20210312 10:57:52.824" endtime="20210312 10:57:52.824"></status>
</kw>
<status status="PASS" starttime="20210312 10:57:52.715" endtime="20210312 10:57:52.824"></status>
</kw>
<kw name="${index} = 79" type="foritem">
<kw name="Click" library="pyautogui">
<doc>Performs pressing a mouse button down and then immediately releasing it. Returns ``None``.</doc>
<arguments>
<arg>${position_scroll}</arg>
</arguments>
<status status="PASS" starttime="20210312 10:57:52.825" endtime="20210312 10:57:52.931"></status>
</kw>
<kw name="Continue For Loop" library="BuiltIn">
<doc>Skips the current for loop iteration and continues from the next.</doc>
<msg timestamp="20210312 10:57:52.931" level="INFO">Continuing for loop from the next iteration.</msg>
<status status="PASS" starttime="20210312 10:57:52.931" endtime="20210312 10:57:52.931"></status>
</kw>
<status status="PASS" starttime="20210312 10:57:52.825" endtime="20210312 10:57:52.931"></status>
</kw>
<kw name="${index} = 80" type="foritem">
<kw name="Click" library="pyautogui">
<doc>Performs pressing a mouse button down and then immediately releasing it. Returns ``None``.</doc>
<arguments>
<arg>${position_scroll}</arg>
</arguments>
<status status="PASS" starttime="20210312 10:57:52.932" endtime="20210312 10:57:53.042"></status>
</kw>
<kw name="Continue For Loop" library="BuiltIn">
<doc>Skips the current for loop iteration and continues from the next.</doc>
<msg timestamp="20210312 10:57:53.042" level="INFO">Continuing for loop from the next iteration.</msg>
<status status="PASS" starttime="20210312 10:57:53.042" endtime="20210312 10:57:53.042"></status>
</kw>
<status status="PASS" starttime="20210312 10:57:52.932" endtime="20210312 10:57:53.042"></status>
</kw>
<kw name="${index} = 81" type="foritem">
<kw name="Click" library="pyautogui">
<doc>Performs pressing a mouse button down and then immediately releasing it. Returns ``None``.</doc>
<arguments>
<arg>${position_scroll}</arg>
</arguments>
<status status="PASS" starttime="20210312 10:57:53.043" endtime="20210312 10:57:53.152"></status>
</kw>
<kw name="Continue For Loop" library="BuiltIn">
<doc>Skips the current for loop iteration and continues from the next.</doc>
<msg timestamp="20210312 10:57:53.153" level="INFO">Continuing for loop from the next iteration.</msg>
<status status="PASS" starttime="20210312 10:57:53.152" endtime="20210312 10:57:53.153"></status>
</kw>
<status status="PASS" starttime="20210312 10:57:53.043" endtime="20210312 10:57:53.153"></status>
</kw>
<kw name="${index} = 82" type="foritem">
<kw name="Click" library="pyautogui">
<doc>Performs pressing a mouse button down and then immediately releasing it. Returns ``None``.</doc>
<arguments>
<arg>${position_scroll}</arg>
</arguments>
<status status="PASS" starttime="20210312 10:57:53.153" endtime="20210312 10:57:53.277"></status>
</kw>
<kw name="Continue For Loop" library="BuiltIn">
<doc>Skips the current for loop iteration and continues from the next.</doc>
<msg timestamp="20210312 10:57:53.277" level="INFO">Continuing for loop from the next iteration.</msg>
<status status="PASS" starttime="20210312 10:57:53.277" endtime="20210312 10:57:53.277"></status>
</kw>
<status status="PASS" starttime="20210312 10:57:53.153" endtime="20210312 10:57:53.277"></status>
</kw>
<kw name="${index} = 83" type="foritem">
<kw name="Click" library="pyautogui">
<doc>Performs pressing a mouse button down and then immediately releasing it. Returns ``None``.</doc>
<arguments>
<arg>${position_scroll}</arg>
</arguments>
<status status="PASS" starttime="20210312 10:57:53.278" endtime="20210312 10:57:53.387"></status>
</kw>
<kw name="Continue For Loop" library="BuiltIn">
<doc>Skips the current for loop iteration and continues from the next.</doc>
<msg timestamp="20210312 10:57:53.387" level="INFO">Continuing for loop from the next iteration.</msg>
<status status="PASS" starttime="20210312 10:57:53.387" endtime="20210312 10:57:53.387"></status>
</kw>
<status status="PASS" starttime="20210312 10:57:53.278" endtime="20210312 10:57:53.387"></status>
</kw>
<kw name="${index} = 84" type="foritem">
<kw name="Click" library="pyautogui">
<doc>Performs pressing a mouse button down and then immediately releasing it. Returns ``None``.</doc>
<arguments>
<arg>${position_scroll}</arg>
</arguments>
<status status="PASS" starttime="20210312 10:57:53.388" endtime="20210312 10:57:53.497"></status>
</kw>
<kw name="Continue For Loop" library="BuiltIn">
<doc>Skips the current for loop iteration and continues from the next.</doc>
<msg timestamp="20210312 10:57:53.497" level="INFO">Continuing for loop from the next iteration.</msg>
<status status="PASS" starttime="20210312 10:57:53.497" endtime="20210312 10:57:53.497"></status>
</kw>
<status status="PASS" starttime="20210312 10:57:53.388" endtime="20210312 10:57:53.497"></status>
</kw>
<kw name="${index} = 85" type="foritem">
<kw name="Click" library="pyautogui">
<doc>Performs pressing a mouse button down and then immediately releasing it. Returns ``None``.</doc>
<arguments>
<arg>${position_scroll}</arg>
</arguments>
[...]
</kw>
<kw name="Wait Until Element Is Visible" library="Selenium2Library">
<doc>Waits until the element ``locator`` is visible.</doc>
<arguments>
<arg>css:body &gt; div.dimmable.dimmed.scrolling &gt; div &gt; div &gt; div &gt; div &gt; div.fields.inline &gt; div.field.five.wide.inline &gt; div &gt; input[type=text]</arg>
<arg>timeout=20</arg>
</arguments>
<status status="PASS" starttime="20210312 11:37:09.355" endtime="20210312 11:37:10.411"></status>
</kw>
<kw name="Click Element" library="Selenium2Library">
<doc>Click the element identified by ``locator``.</doc>
<arguments>
<arg>css:body &gt; div.dimmable.dimmed.scrolling &gt; div &gt; div &gt; div &gt; div &gt; div.fields.inline &gt; div.field.five.wide.inline &gt; div &gt; input[type=text]</arg>
</arguments>
<msg timestamp="20210312 11:37:10.412" level="INFO">Clicking element 'css:body &gt; div.dimmable.dimmed.scrolling &gt; div &gt; div &gt; div &gt; div &gt; div.fields.inline &gt; div.field.five.wide.inline &gt; div &gt; input[type=text]'.</msg>
<status status="PASS" starttime="20210312 11:37:10.411" endtime="20210312 11:37:11.498"></status>
</kw>
<kw name="Press Keys" library="Selenium2Library">
<doc>Simulates the user pressing key(s) to an element or on the active browser.</doc>
<arguments>
<arg>css:body &gt; div.dimmable.dimmed.scrolling &gt; div &gt; div &gt; div &gt; div &gt; div.fields.inline &gt; div.field.five.wide.inline &gt; div &gt; input[type=text]</arg>
<arg>${NAMEBIL}</arg>
<arg>${TAB}</arg>
<arg>${NUMBIL}</arg>
</arguments>
<msg timestamp="20210312 11:37:11.499" level="INFO">Sending key(s) ('ME', '\ue004', '0000113') to css:body &gt; div.dimmable.dimmed.scrolling &gt; div &gt; div &gt; div &gt; div &gt; div.fields.inline &gt; div.field.five.wide.inline &gt; div &gt; input[type=text] element.</msg>
<msg timestamp="20210312 11:37:12.812" level="INFO">Sending keys ME</msg>
<msg timestamp="20210312 11:37:13.419" level="INFO">Sending key </msg>
<msg timestamp="20210312 11:37:13.946" level="INFO">Sending keys 0000113</msg>
<status status="PASS" starttime="20210312 11:37:11.498" endtime="20210312 11:37:14.788"></status>
</kw>
<kw name="Wait Until Element Is Visible" library="Selenium2Library">
<doc>Waits until the element ``locator`` is visible.</doc>
<arguments>
<arg>css:body &gt; div.dimmable.dimmed.scrolling &gt; div &gt; div &gt; div &gt; div &gt; div.fields.inline &gt; div.field.two.wide.inline &gt; button</arg>
<arg>timeout=20</arg>
</arguments>
<status status="PASS" starttime="20210312 11:37:14.788" endtime="20210312 11:37:15.839"></status>
</kw>
<kw name="Click Button" library="Selenium2Library">
<doc>Clicks the button identified by ``locator``.</doc>
<arguments>
<arg>css:body &gt; div.dimmable.dimmed.scrolling &gt; div &gt; div &gt; div &gt; div &gt; div.fields.inline &gt; div.field.two.wide.inline &gt; button</arg>
</arguments>
<msg timestamp="20210312 11:37:15.839" level="INFO">Clicking button 'css:body &gt; div.dimmable.dimmed.scrolling &gt; div &gt; div &gt; div &gt; div &gt; div.fields.inline &gt; div.field.two.wide.inline &gt; button'.</msg>
<status status="PASS" starttime="20210312 11:37:15.839" endtime="20210312 11:37:18.453"></status>
</kw>
<status status="PASS" starttime="20210312 11:36:39.346" endtime="20210312 11:37:18.453"></status>
</kw>
<status status="PASS" starttime="20210312 11:36:39.343" endtime="20210312 11:37:18.454" critical="yes"></status>
</test>
<test id="s1-t170" name="170. กรอก HN BIL">
<kw name="กรอก HN BIL" library="bil">
<kw name="รอ 10 วิ" library="keywords">
<kw name="Sleep" library="BuiltIn">
<doc>Pauses the test executed for the given time.</doc>
<arguments>
<arg>10s</arg>
</arguments>
<msg timestamp="20210312 11:37:28.467" level="INFO">Slept 10 seconds</msg>
<status status="PASS" starttime="20210312 11:37:18.457" endtime="20210312 11:37:28.467"></status>
</kw>
<status status="PASS" starttime="20210312 11:37:18.457" endtime="20210312 11:37:28.467"></status>
</kw>
<kw name="Wait Until Element Is Visible" library="Selenium2Library">
<doc>Waits until the element ``locator`` is visible.</doc>
<arguments>
<arg>css:body &gt; div.ui.container.fluid &gt; div.ui.layout-vertical &gt; div.ui.layout-horizontal &gt; div.ui.west &gt; div &gt; div:nth-child(2) &gt; div:nth-child(1) &gt; div.field.eleven.wide.inline &gt; div.ui.action.input &gt; input[type=text]</arg>
<arg>timeout=20</arg>
</arguments>
<status status="PASS" starttime="20210312 11:37:28.467" endtime="20210312 11:37:29.520"></status>
</kw>
<kw name="Click Element" library="Selenium2Library">
<doc>Click the element identified by ``locator``.</doc>
<arguments>
<arg>css:body &gt; div.ui.container.fluid &gt; div.ui.layout-vertical &gt; div.ui.layout-horizontal &gt; div.ui.west &gt; div &gt; div:nth-child(2) &gt; div:nth-child(1) &gt; div.field.eleven.wide.inline &gt; div.ui.action.input &gt; input[type=text]</arg>
</arguments>
<msg timestamp="20210312 11:37:29.520" level="INFO">Clicking element 'css:body &gt; div.ui.container.fluid &gt; div.ui.layout-vertical &gt; div.ui.layout-horizontal &gt; div.ui.west &gt; div &gt; div:nth-child(2) &gt; div:nth-child(1) &gt; div.field.eleven.wide.inline &gt; div.ui.action.input &gt; input[type=text]'.</msg>
<status status="PASS" starttime="20210312 11:37:29.520" endtime="20210312 11:37:30.609"></status>
</kw>
<kw name="Press Keys" library="Selenium2Library">
<doc>Simulates the user pressing key(s) to an element or on the active browser.</doc>
<arguments>
<arg>css:body &gt; div.ui.container.fluid &gt; div.ui.layout-vertical &gt; div.ui.layout-horizontal &gt; div.ui.west &gt; div &gt; div:nth-child(2) &gt; div:nth-child(1) &gt; div.field.eleven.wide.inline &gt; div.ui.action.input &gt; input[type=text]</arg>
<arg>${HN}</arg>
<arg>${ENTER}</arg>
</arguments>
<msg timestamp="20210312 11:37:30.610" level="INFO">Sending key(s) ('C714490', '\ue007') to css:body &gt; div.ui.container.fluid &gt; div.ui.layout-vertical &gt; div.ui.layout-horizontal &gt; div.ui.west &gt; div &gt; div:nth-child(2) &gt; div:nth-child(1) &gt; div.field.eleven.wide.inline &gt; div.ui.action.input &gt; input[type=text] element.</msg>
<msg timestamp="20210312 11:37:31.913" level="INFO">Sending keys C714490</msg>
<msg timestamp="20210312 11:37:32.760" level="INFO">Sending key </msg>
<status status="PASS" starttime="20210312 11:37:30.609" endtime="20210312 11:37:33.307"></status>
</kw>
<kw name="รอ 10 วิ" library="keywords">
<kw name="Sleep" library="BuiltIn">
<doc>Pauses the test executed for the given time.</doc>
<arguments>
<arg>10s</arg>
</arguments>
<msg timestamp="20210312 11:37:43.311" level="INFO">Slept 10 seconds</msg>
<status status="PASS" starttime="20210312 11:37:33.308" endtime="20210312 11:37:43.311"></status>
</kw>
<status status="PASS" starttime="20210312 11:37:33.307" endtime="20210312 11:37:43.311"></status>
</kw>
<status status="PASS" starttime="20210312 11:37:18.456" endtime="20210312 11:37:43.311"></status>
</kw>
<status status="PASS" starttime="20210312 11:37:18.456" endtime="20210312 11:37:43.312" critical="yes"></status>
</test>
<test id="s1-t171" name="171. รับชำระเงิน">
<kw name="รับชำระเงิน" library="bil">
<kw name="Wait Until Element Is Visible" library="Selenium2Library">
<doc>Waits until the element ``locator`` is visible.</doc>
<arguments>
<arg>css:body &gt; div.ui.container.fluid &gt; div.ui.layout-vertical &gt; div.ui.layout-horizontal &gt; div.ui.middle &gt; div &gt; div.ui.accordion.defaultBackground.styled.fluid.raised.segment.transition.visible &gt; div.content.active &gt; div:nth-child(7) &gt; div &gt; div:nth-child(3) &gt; button.ui.button.green.icon</arg>
<arg>timeout=20</arg>
</arguments>
<status status="PASS" starttime="20210312 11:37:43.315" endtime="20210312 11:37:44.368"></status>
</kw>
<kw name="Click Button" library="Selenium2Library">
<doc>Clicks the button identified by ``locator``.</doc>
<arguments>
<arg>css:body &gt; div.ui.container.fluid &gt; div.ui.layout-vertical &gt; div.ui.layout-horizontal &gt; div.ui.middle &gt; div &gt; div.ui.accordion.defaultBackground.styled.fluid.raised.segment.transition.visible &gt; div.content.active &gt; div:nth-child(7) &gt; div &gt; div:nth-child(3) &gt; button.ui.button.green.icon</arg>
</arguments>
<msg timestamp="20210312 11:37:44.368" level="INFO">Clicking button 'css:body &gt; div.ui.container.fluid &gt; div.ui.layout-vertical &gt; div.ui.layout-horizontal &gt; div.ui.middle &gt; div &gt; div.ui.accordion.defaultBackground.styled.fluid.raised.segment.transition.visible &gt; div.content.active &gt; div:nth-child(7) &gt; div &gt; div:nth-child(3) &gt; button.ui.button.green.icon'.</msg>
<status status="PASS" starttime="20210312 11:37:44.368" endtime="20210312 11:37:47.469"></status>
</kw>
<status status="PASS" starttime="20210312 11:37:43.315" endtime="20210312 11:37:47.469"></status>
</kw>
<status status="PASS" starttime="20210312 11:37:43.314" endtime="20210312 11:37:47.470" critical="yes"></status>
</test>
<test id="s1-t172" name="172. กรอกจำนวนเงิน">
<kw name="กรอกจำนวนเงิน" library="bil">
<kw name="รอ 5 วิ" library="keywords">
<kw name="Sleep" library="BuiltIn">
<doc>Pauses the test executed for the given time.</doc>
<arguments>
<arg>5s</arg>
</arguments>
<msg timestamp="20210312 11:37:52.479" level="INFO">Slept 5 seconds</msg>
<status status="PASS" starttime="20210312 11:37:47.474" endtime="20210312 11:37:52.479"></status>
</kw>
<status status="PASS" starttime="20210312 11:37:47.473" endtime="20210312 11:37:52.479"></status>
</kw>
<kw name="Wait Until Element Is Visible" library="Selenium2Library">
<doc>Waits until the element ``locator`` is visible.</doc>
<arguments>
<arg>css:body &gt; div.dimmable.dimmed.scrolling &gt; div &gt; div &gt; div &gt; div:nth-child(4) &gt; div:nth-child(2) &gt; div:nth-child(4) &gt; div &gt; input[type=text]</arg>
<arg>timeout=20</arg>
</arguments>
<status status="PASS" starttime="20210312 11:37:52.479" endtime="20210312 11:37:53.533"></status>
</kw>
<kw name="Press Keys" library="Selenium2Library">
<doc>Simulates the user pressing key(s) to an element or on the active browser.</doc>
<arguments>
<arg>css:body &gt; div.dimmable.dimmed.scrolling &gt; div &gt; div &gt; div &gt; div:nth-child(4) &gt; div:nth-child(2) &gt; div:nth-child(4) &gt; div &gt; input[type=text]</arg>
<arg>${MONEY}</arg>
</arguments>
<msg timestamp="20210312 11:37:53.534" level="INFO">Sending key(s) ('500',) to css:body &gt; div.dimmable.dimmed.scrolling &gt; div &gt; div &gt; div &gt; div:nth-child(4) &gt; div:nth-child(2) &gt; div:nth-child(4) &gt; div &gt; input[type=text] element.</msg>
<msg timestamp="20210312 11:37:54.860" level="INFO">Sending keys 500</msg>
<status status="PASS" starttime="20210312 11:37:53.533" endtime="20210312 11:37:55.521"></status>
</kw>
<status status="PASS" starttime="20210312 11:37:47.473" endtime="20210312 11:37:55.521"></status>
</kw>
<status status="PASS" starttime="20210312 11:37:47.471" endtime="20210312 11:37:55.522" critical="yes"></status>
</test>
<test id="s1-t173" name="173. ติ๊ก Auto EDC ออก">
<kw name="ติ๊ก Auto EDC ออก" library="bil">
<kw name="Wait Until Element Is Visible" library="Selenium2Library">
<doc>Waits until the element ``locator`` is visible.</doc>
<arguments>
<arg>css:body &gt; div.dimmable.dimmed.scrolling &gt; div &gt; div &gt; div &gt; div:nth-child(7) &gt; div:nth-child(1) &gt; div.field.two.wide.inline &gt; div</arg>
<arg>timeout=20</arg>
</arguments>
<status status="PASS" starttime="20210312 11:37:55.525" endtime="20210312 11:37:56.568"></status>
</kw>
<kw name="Click Element" library="Selenium2Library">
<doc>Click the element identified by ``locator``.</doc>
<arguments>
<arg>css:body &gt; div.dimmable.dimmed.scrolling &gt; div &gt; div &gt; div &gt; div:nth-child(7) &gt; div:nth-child(1) &gt; div.field.two.wide.inline &gt; div</arg>
</arguments>
<msg timestamp="20210312 11:37:56.568" level="INFO">Clicking element 'css:body &gt; div.dimmable.dimmed.scrolling &gt; div &gt; div &gt; div &gt; div:nth-child(7) &gt; div:nth-child(1) &gt; div.field.two.wide.inline &gt; div'.</msg>
<status status="PASS" starttime="20210312 11:37:56.568" endtime="20210312 11:37:57.630"></status>
</kw>
<kw name="Wait Until Element Is Visible" library="Selenium2Library">
<doc>Waits until the element ``locator`` is visible.</doc>
<arguments>
<arg>css:body &gt; div.dimmable.dimmed.scrolling &gt; div &gt; div &gt; div &gt; div:nth-child(7) &gt; div:nth-child(1) &gt; div:nth-child(4) &gt; div &gt; input[type=text]</arg>
<arg>timeout=20</arg>
</arguments>
<status status="PASS" starttime="20210312 11:37:57.630" endtime="20210312 11:37:58.685"></status>
</kw>
<status status="PASS" starttime="20210312 11:37:55.525" endtime="20210312 11:37:58.685"></status>
</kw>
<status status="PASS" starttime="20210312 11:37:55.524" endtime="20210312 11:37:58.686" critical="yes"></status>
</test>
<test id="s1-t174" name="174. กรอกช่อง Approval Code">
<kw name="กรอกช่อง Approval Code" library="bil">
<kw name="Click Element" library="Selenium2Library">
<doc>Click the element identified by ``locator``.</doc>
<arguments>
<arg>css:body &gt; div.dimmable.dimmed.scrolling &gt; div &gt; div &gt; div &gt; div:nth-child(7) &gt; div:nth-child(1) &gt; div:nth-child(4) &gt; div &gt; input[type=text]</arg>
</arguments>
<msg timestamp="20210312 11:37:58.690" level="INFO">Clicking element 'css:body &gt; div.dimmable.dimmed.scrolling &gt; div &gt; div &gt; div &gt; div:nth-child(7) &gt; div:nth-child(1) &gt; div:nth-child(4) &gt; div &gt; input[type=text]'.</msg>
<status status="PASS" starttime="20210312 11:37:58.690" endtime="20210312 11:37:59.777"></status>
</kw>
<kw name="Press Keys" library="Selenium2Library">
<doc>Simulates the user pressing key(s) to an element or on the active browser.</doc>
<arguments>
<arg>css:body &gt; div.dimmable.dimmed.scrolling &gt; div &gt; div &gt; div &gt; div:nth-child(7) &gt; div:nth-child(1) &gt; div:nth-child(4) &gt; div &gt; input[type=text]</arg>
<arg>${Approval Code}</arg>
</arguments>
<msg timestamp="20210312 11:37:59.778" level="INFO">Sending key(s) ('11111111',) to css:body &gt; div.dimmable.dimmed.scrolling &gt; div &gt; div &gt; div &gt; div:nth-child(7) &gt; div:nth-child(1) &gt; div:nth-child(4) &gt; div &gt; input[type=text] element.</msg>
<msg timestamp="20210312 11:38:01.082" level="INFO">Sending keys 11111111</msg>
<status status="PASS" starttime="20210312 11:37:59.777" endtime="20210312 11:38:01.982"></status>
</kw>
<status status="PASS" starttime="20210312 11:37:58.689" endtime="20210312 11:38:01.982"></status>
</kw>
<status status="PASS" starttime="20210312 11:37:58.688" endtime="20210312 11:38:01.983" critical="yes"></status>
</test>
<test id="s1-t175" name="175. รับชำระเงิน Save">
<kw name="รับชำระเงิน Save" library="bil">
<kw name="Set Focus To Element" library="Selenium2Library">
<doc>Sets the focus to the element identified by ``locator``.</doc>
<arguments>
<arg>css:body &gt; div.dimmable.dimmed.scrolling &gt; div &gt; div &gt; div &gt; div:nth-child(7) &gt; div:nth-child(3) &gt; div:nth-child(3) &gt; div</arg>
</arguments>
<status status="PASS" starttime="20210312 11:38:01.987" endtime="20210312 11:38:03.040"></status>
</kw>
<kw name="Wait Until Element Is Visible" library="Selenium2Library">
<doc>Waits until the element ``locator`` is visible.</doc>
<arguments>
<arg>css:body &gt; div.dimmable.dimmed.scrolling &gt; div &gt; div &gt; div &gt; div:nth-child(7) &gt; div:nth-child(3) &gt; div.field.four.wide.inline &gt; button</arg>
<arg>timeout=20</arg>
</arguments>
<status status="PASS" starttime="20210312 11:38:03.040" endtime="20210312 11:38:04.072"></status>
</kw>
<kw name="Click Button" library="Selenium2Library">
<doc>Clicks the button identified by ``locator``.</doc>
<arguments>
<arg>css:body &gt; div.dimmable.dimmed.scrolling &gt; div &gt; div &gt; div &gt; div:nth-child(7) &gt; div:nth-child(3) &gt; div.field.four.wide.inline &gt; button</arg>
</arguments>
<msg timestamp="20210312 11:38:04.072" level="INFO">Clicking button 'css:body &gt; div.dimmable.dimmed.scrolling &gt; div &gt; div &gt; div &gt; div:nth-child(7) &gt; div:nth-child(3) &gt; div.field.four.wide.inline &gt; button'.</msg>
<status status="PASS" starttime="20210312 11:38:04.072" endtime="20210312 11:38:06.704"></status>
</kw>
<status status="PASS" starttime="20210312 11:38:01.987" endtime="20210312 11:38:06.704"></status>
</kw>
<status status="PASS" starttime="20210312 11:38:01.986" endtime="20210312 11:38:06.705" critical="yes"></status>
</test>
<test id="s1-t176" name="176. ข้าม NHSO">
<kw name="ข้าม NHSO" library="bil">
<kw name="Wait Until Element Is Visible" library="Selenium2Library">
<doc>Waits until the element ``locator`` is visible.</doc>
<arguments>
<arg>css:body &gt; div:nth-child(102) &gt; div &gt; div &gt; div &gt; div.content.active &gt; div.ui.grid &gt; div:nth-child(1) &gt; button</arg>
<arg>timeout=20</arg>
</arguments>
<status status="PASS" starttime="20210312 11:38:06.708" endtime="20210312 11:38:08.233"></status>
</kw>
<kw name="Click Button" library="Selenium2Library">
<doc>Clicks the button identified by ``locator``.</doc>
<arguments>
<arg>css:body &gt; div:nth-child(102) &gt; div &gt; div &gt; div &gt; div.content.active &gt; div.ui.grid &gt; div:nth-child(1) &gt; button</arg>
</arguments>
<msg timestamp="20210312 11:38:08.233" level="INFO">Clicking button 'css:body &gt; div:nth-child(102) &gt; div &gt; div &gt; div &gt; div.content.active &gt; div.ui.grid &gt; div:nth-child(1) &gt; button'.</msg>
<status status="PASS" starttime="20210312 11:38:08.233" endtime="20210312 11:38:10.835"></status>
</kw>
<status status="PASS" starttime="20210312 11:38:06.708" endtime="20210312 11:38:10.835"></status>
</kw>
<status status="PASS" starttime="20210312 11:38:06.707" endtime="20210312 11:38:10.836" critical="yes"></status>
</test>
<test id="s1-t177" name="177. รับชำระเงิน Save">
<kw name="รับชำระเงิน Save" library="bil">
<kw name="Set Focus To Element" library="Selenium2Library">
<doc>Sets the focus to the element identified by ``locator``.</doc>
<arguments>
<arg>css:body &gt; div.dimmable.dimmed.scrolling &gt; div &gt; div &gt; div &gt; div:nth-child(7) &gt; div:nth-child(3) &gt; div:nth-child(3) &gt; div</arg>
</arguments>
<status status="PASS" starttime="20210312 11:38:10.839" endtime="20210312 11:38:11.878"></status>
</kw>
<kw name="Wait Until Element Is Visible" library="Selenium2Library">
<doc>Waits until the element ``locator`` is visible.</doc>
<arguments>
<arg>css:body &gt; div.dimmable.dimmed.scrolling &gt; div &gt; div &gt; div &gt; div:nth-child(7) &gt; div:nth-child(3) &gt; div.field.four.wide.inline &gt; button</arg>
<arg>timeout=20</arg>
</arguments>
<status status="PASS" starttime="20210312 11:38:11.878" endtime="20210312 11:38:12.908"></status>
</kw>
<kw name="Click Button" library="Selenium2Library">
<doc>Clicks the button identified by ``locator``.</doc>
<arguments>
<arg>css:body &gt; div.dimmable.dimmed.scrolling &gt; div &gt; div &gt; div &gt; div:nth-child(7) &gt; div:nth-child(3) &gt; div.field.four.wide.inline &gt; button</arg>
</arguments>
<msg timestamp="20210312 11:38:12.908" level="INFO">Clicking button 'css:body &gt; div.dimmable.dimmed.scrolling &gt; div &gt; div &gt; div &gt; div:nth-child(7) &gt; div:nth-child(3) &gt; div.field.four.wide.inline &gt; button'.</msg>
<status status="PASS" starttime="20210312 11:38:12.908" endtime="20210312 11:38:15.508"></status>
</kw>
<status status="PASS" starttime="20210312 11:38:10.839" endtime="20210312 11:38:15.508"></status>
</kw>
<status status="PASS" starttime="20210312 11:38:10.838" endtime="20210312 11:38:15.509" critical="yes"></status>
</test>
<status status="PASS" starttime="20210312 10:56:48.142" endtime="20210312 11:38:15.528"></status>
</suite>
<statistics>
<total>
<stat pass="177" fail="0">Critical Tests</stat>
<stat pass="177" fail="0">All Tests</stat>
</total>
<tag>
</tag>
<suite>
<stat pass="177" fail="0" id="s1" name="Opd-Random">Opd-Random</stat>
</suite>
</statistics>
<errors>
</errors>
</robot>
